00:27:46 **** Clean-only build of configuration Debug for project LatencyTests ****
make clean 
rm -rf *
 
00:27:50 **** Build of configuration Debug for project LatencyTests ****
make all 
Building file: ../startup/startup_stm32f446xx.s
Invoking: MCU GCC Assembler
%cd%
arm-none-eabi-as -mcpu=cortex-m4 -mthumb -mfloat-abi=hard -mfpu=fpv4-sp-d16 -g -o "startup/startup_stm32f446xx.o" "../startup/startup_stm32f446xx.s"
Finished building: ../startup/startup_stm32f446xx.s
 
Building file: ../Src/main.c
Invoking: MCU GCC Compiler
%cd%
arm-none-eabi-gcc -mcpu=cortex-m4 -mthumb -mfloat-abi=hard -mfpu=fpv4-sp-d16 '-D__weak=__attribute__((weak))' '-D__packed=__attribute__((__packed__))' -DUSE_HAL_DRIVER -DSTM32F446xx -I"D:/Users/Tyler/Documents/STM/Workspace/Latency Tests/LatencyTests/Inc" -I"D:/Users/Tyler/Documents/STM/Workspace/Latency Tests/LatencyTests/Drivers/STM32F4xx_HAL_Driver/Inc" -I"D:/Users/Tyler/Documents/STM/Workspace/Latency Tests/LatencyTests/Drivers/STM32F4xx_HAL_Driver/Inc/Legacy" -I"D:/Users/Tyler/Documents/STM/Workspace/Latency Tests/LatencyTests/Drivers/CMSIS/Device/ST/STM32F4xx/Include" -I"D:/Users/Tyler/Documents/STM/Workspace/Latency Tests/LatencyTests/Drivers/CMSIS/Include" -I"D:/Users/Tyler/Documents/STM/Workspace/Latency Tests/LatencyTests/Inc"  -Og -g3 -Wall -fmessage-length=0 -ffunction-sections -c -fmessage-length=0 -MMD -MP -MF"Src/main.d" -MT"Src/main.o" -o "Src/main.o" "../Src/main.c"
Finished building: ../Src/main.c
 
Building file: ../Src/stm32f4xx_hal_msp.c
Invoking: MCU GCC Compiler
%cd%
arm-none-eabi-gcc -mcpu=cortex-m4 -mthumb -mfloat-abi=hard -mfpu=fpv4-sp-d16 '-D__weak=__attribute__((weak))' '-D__packed=__attribute__((__packed__))' -DUSE_HAL_DRIVER -DSTM32F446xx -I"D:/Users/Tyler/Documents/STM/Workspace/Latency Tests/LatencyTests/Inc" -I"D:/Users/Tyler/Documents/STM/Workspace/Latency Tests/LatencyTests/Drivers/STM32F4xx_HAL_Driver/Inc" -I"D:/Users/Tyler/Documents/STM/Workspace/Latency Tests/LatencyTests/Drivers/STM32F4xx_HAL_Driver/Inc/Legacy" -I"D:/Users/Tyler/Documents/STM/Workspace/Latency Tests/LatencyTests/Drivers/CMSIS/Device/ST/STM32F4xx/Include" -I"D:/Users/Tyler/Documents/STM/Workspace/Latency Tests/LatencyTests/Drivers/CMSIS/Include" -I"D:/Users/Tyler/Documents/STM/Workspace/Latency Tests/LatencyTests/Inc"  -Og -g3 -Wall -fmessage-length=0 -ffunction-sections -c -fmessage-length=0 -MMD -MP -MF"Src/stm32f4xx_hal_msp.d" -MT"Src/stm32f4xx_hal_msp.o" -o "Src/stm32f4xx_hal_msp.o" "../Src/stm32f4xx_hal_msp.c"
Finished building: ../Src/stm32f4xx_hal_msp.c
 
Building file: ../Src/stm32f4xx_it.c
Invoking: MCU GCC Compiler
%cd%
arm-none-eabi-gcc -mcpu=cortex-m4 -mthumb -mfloat-abi=hard -mfpu=fpv4-sp-d16 '-D__weak=__attribute__((weak))' '-D__packed=__attribute__((__packed__))' -DUSE_HAL_DRIVER -DSTM32F446xx -I"D:/Users/Tyler/Documents/STM/Workspace/Latency Tests/LatencyTests/Inc" -I"D:/Users/Tyler/Documents/STM/Workspace/Latency Tests/LatencyTests/Drivers/STM32F4xx_HAL_Driver/Inc" -I"D:/Users/Tyler/Documents/STM/Workspace/Latency Tests/LatencyTests/Drivers/STM32F4xx_HAL_Driver/Inc/Legacy" -I"D:/Users/Tyler/Documents/STM/Workspace/Latency Tests/LatencyTests/Drivers/CMSIS/Device/ST/STM32F4xx/Include" -I"D:/Users/Tyler/Documents/STM/Workspace/Latency Tests/LatencyTests/Drivers/CMSIS/Include" -I"D:/Users/Tyler/Documents/STM/Workspace/Latency Tests/LatencyTests/Inc"  -Og -g3 -Wall -fmessage-length=0 -ffunction-sections -c -fmessage-length=0 -MMD -MP -MF"Src/stm32f4xx_it.d" -MT"Src/stm32f4xx_it.o" -o "Src/stm32f4xx_it.o" "../Src/stm32f4xx_it.c"
Finished building: ../Src/stm32f4xx_it.c
 
Building file: ../Src/system_stm32f4xx.c
Invoking: MCU GCC Compiler
%cd%
arm-none-eabi-gcc -mcpu=cortex-m4 -mthumb -mfloat-abi=hard -mfpu=fpv4-sp-d16 '-D__weak=__attribute__((weak))' '-D__packed=__attribute__((__packed__))' -DUSE_HAL_DRIVER -DSTM32F446xx -I"D:/Users/Tyler/Documents/STM/Workspace/Latency Tests/LatencyTests/Inc" -I"D:/Users/Tyler/Documents/STM/Workspace/Latency Tests/LatencyTests/Drivers/STM32F4xx_HAL_Driver/Inc" -I"D:/Users/Tyler/Documents/STM/Workspace/Latency Tests/LatencyTests/Drivers/STM32F4xx_HAL_Driver/Inc/Legacy" -I"D:/Users/Tyler/Documents/STM/Workspace/Latency Tests/LatencyTests/Drivers/CMSIS/Device/ST/STM32F4xx/Include" -I"D:/Users/Tyler/Documents/STM/Workspace/Latency Tests/LatencyTests/Drivers/CMSIS/Include" -I"D:/Users/Tyler/Documents/STM/Workspace/Latency Tests/LatencyTests/Inc"  -Og -g3 -Wall -fmessage-length=0 -ffunction-sections -c -fmessage-length=0 -MMD -MP -MF"Src/system_stm32f4xx.d" -MT"Src/system_stm32f4xx.o" -o "Src/system_stm32f4xx.o" "../Src/system_stm32f4xx.c"
Finished building: ../Src/system_stm32f4xx.c
 
Building file: ../Drivers/STM32F4xx_HAL_Driver/Src/stm32f4xx_hal.c
Invoking: MCU GCC Compiler
%cd%
arm-none-eabi-gcc -mcpu=cortex-m4 -mthumb -mfloat-abi=hard -mfpu=fpv4-sp-d16 '-D__weak=__attribute__((weak))' '-D__packed=__attribute__((__packed__))' -DUSE_HAL_DRIVER -DSTM32F446xx -I"D:/Users/Tyler/Documents/STM/Workspace/Latency Tests/LatencyTests/Inc" -I"D:/Users/Tyler/Documents/STM/Workspace/Latency Tests/LatencyTests/Drivers/STM32F4xx_HAL_Driver/Inc" -I"D:/Users/Tyler/Documents/STM/Workspace/Latency Tests/LatencyTests/Drivers/STM32F4xx_HAL_Driver/Inc/Legacy" -I"D:/Users/Tyler/Documents/STM/Workspace/Latency Tests/LatencyTests/Drivers/CMSIS/Device/ST/STM32F4xx/Include" -I"D:/Users/Tyler/Documents/STM/Workspace/Latency Tests/LatencyTests/Drivers/CMSIS/Include" -I"D:/Users/Tyler/Documents/STM/Workspace/Latency Tests/LatencyTests/Inc"  -Og -g3 -Wall -fmessage-length=0 -ffunction-sections -c -fmessage-length=0 -MMD -MP -MF"Drivers/STM32F4xx_HAL_Driver/Src/stm32f4xx_hal.d" -MT"Drivers/STM32F4xx_HAL_Driver/Src/stm32f4xx_hal.o" -o "Drivers/STM32F4xx_HAL_Driver/Src/stm32f4xx_hal.o" "../Drivers/STM32F4xx_HAL_Driver/Src/stm32f4xx_hal.c"
Finished building: ../Drivers/STM32F4xx_HAL_Driver/Src/stm32f4xx_hal.c
 
Building file: ../Drivers/STM32F4xx_HAL_Driver/Src/stm32f4xx_hal_cortex.c
Invoking: MCU GCC Compiler
%cd%
arm-none-eabi-gcc -mcpu=cortex-m4 -mthumb -mfloat-abi=hard -mfpu=fpv4-sp-d16 '-D__weak=__attribute__((weak))' '-D__packed=__attribute__((__packed__))' -DUSE_HAL_DRIVER -DSTM32F446xx -I"D:/Users/Tyler/Documents/STM/Workspace/Latency Tests/LatencyTests/Inc" -I"D:/Users/Tyler/Documents/STM/Workspace/Latency Tests/LatencyTests/Drivers/STM32F4xx_HAL_Driver/Inc" -I"D:/Users/Tyler/Documents/STM/Workspace/Latency Tests/LatencyTests/Drivers/STM32F4xx_HAL_Driver/Inc/Legacy" -I"D:/Users/Tyler/Documents/STM/Workspace/Latency Tests/LatencyTests/Drivers/CMSIS/Device/ST/STM32F4xx/Include" -I"D:/Users/Tyler/Documents/STM/Workspace/Latency Tests/LatencyTests/Drivers/CMSIS/Include" -I"D:/Users/Tyler/Documents/STM/Workspace/Latency Tests/LatencyTests/Inc"  -Og -g3 -Wall -fmessage-length=0 -ffunction-sections -c -fmessage-length=0 -MMD -MP -MF"Drivers/STM32F4xx_HAL_Driver/Src/stm32f4xx_hal_cortex.d" -MT"Drivers/STM32F4xx_HAL_Driver/Src/stm32f4xx_hal_cortex.o" -o "Drivers/STM32F4xx_HAL_Driver/Src/stm32f4xx_hal_cortex.o" "../Drivers/STM32F4xx_HAL_Driver/Src/stm32f4xx_hal_cortex.c"
Finished building: ../Drivers/STM32F4xx_HAL_Driver/Src/stm32f4xx_hal_cortex.c
 
Building file: ../Drivers/STM32F4xx_HAL_Driver/Src/stm32f4xx_hal_dma.c
Invoking: MCU GCC Compiler
%cd%
arm-none-eabi-gcc -mcpu=cortex-m4 -mthumb -mfloat-abi=hard -mfpu=fpv4-sp-d16 '-D__weak=__attribute__((weak))' '-D__packed=__attribute__((__packed__))' -DUSE_HAL_DRIVER -DSTM32F446xx -I"D:/Users/Tyler/Documents/STM/Workspace/Latency Tests/LatencyTests/Inc" -I"D:/Users/Tyler/Documents/STM/Workspace/Latency Tests/LatencyTests/Drivers/STM32F4xx_HAL_Driver/Inc" -I"D:/Users/Tyler/Documents/STM/Workspace/Latency Tests/LatencyTests/Drivers/STM32F4xx_HAL_Driver/Inc/Legacy" -I"D:/Users/Tyler/Documents/STM/Workspace/Latency Tests/LatencyTests/Drivers/CMSIS/Device/ST/STM32F4xx/Include" -I"D:/Users/Tyler/Documents/STM/Workspace/Latency Tests/LatencyTests/Drivers/CMSIS/Include" -I"D:/Users/Tyler/Documents/STM/Workspace/Latency Tests/LatencyTests/Inc"  -Og -g3 -Wall -fmessage-length=0 -ffunction-sections -c -fmessage-length=0 -MMD -MP -MF"Drivers/STM32F4xx_HAL_Driver/Src/stm32f4xx_hal_dma.d" -MT"Drivers/STM32F4xx_HAL_Driver/Src/stm32f4xx_hal_dma.o" -o "Drivers/STM32F4xx_HAL_Driver/Src/stm32f4xx_hal_dma.o" "../Drivers/STM32F4xx_HAL_Driver/Src/stm32f4xx_hal_dma.c"
Finished building: ../Drivers/STM32F4xx_HAL_Driver/Src/stm32f4xx_hal_dma.c
 
Building file: ../Drivers/STM32F4xx_HAL_Driver/Src/stm32f4xx_hal_dma_ex.c
Invoking: MCU GCC Compiler
%cd%
arm-none-eabi-gcc -mcpu=cortex-m4 -mthumb -mfloat-abi=hard -mfpu=fpv4-sp-d16 '-D__weak=__attribute__((weak))' '-D__packed=__attribute__((__packed__))' -DUSE_HAL_DRIVER -DSTM32F446xx -I"D:/Users/Tyler/Documents/STM/Workspace/Latency Tests/LatencyTests/Inc" -I"D:/Users/Tyler/Documents/STM/Workspace/Latency Tests/LatencyTests/Drivers/STM32F4xx_HAL_Driver/Inc" -I"D:/Users/Tyler/Documents/STM/Workspace/Latency Tests/LatencyTests/Drivers/STM32F4xx_HAL_Driver/Inc/Legacy" -I"D:/Users/Tyler/Documents/STM/Workspace/Latency Tests/LatencyTests/Drivers/CMSIS/Device/ST/STM32F4xx/Include" -I"D:/Users/Tyler/Documents/STM/Workspace/Latency Tests/LatencyTests/Drivers/CMSIS/Include" -I"D:/Users/Tyler/Documents/STM/Workspace/Latency Tests/LatencyTests/Inc"  -Og -g3 -Wall -fmessage-length=0 -ffunction-sections -c -fmessage-length=0 -MMD -MP -MF"Drivers/STM32F4xx_HAL_Driver/Src/stm32f4xx_hal_dma_ex.d" -MT"Drivers/STM32F4xx_HAL_Driver/Src/stm32f4xx_hal_dma_ex.o" -o "Drivers/STM32F4xx_HAL_Driver/Src/stm32f4xx_hal_dma_ex.o" "../Drivers/STM32F4xx_HAL_Driver/Src/stm32f4xx_hal_dma_ex.c"
Finished building: ../Drivers/STM32F4xx_HAL_Driver/Src/stm32f4xx_hal_dma_ex.c
 
Building file: ../Drivers/STM32F4xx_HAL_Driver/Src/stm32f4xx_hal_flash.c
Invoking: MCU GCC Compiler
%cd%
arm-none-eabi-gcc -mcpu=cortex-m4 -mthumb -mfloat-abi=hard -mfpu=fpv4-sp-d16 '-D__weak=__attribute__((weak))' '-D__packed=__attribute__((__packed__))' -DUSE_HAL_DRIVER -DSTM32F446xx -I"D:/Users/Tyler/Documents/STM/Workspace/Latency Tests/LatencyTests/Inc" -I"D:/Users/Tyler/Documents/STM/Workspace/Latency Tests/LatencyTests/Drivers/STM32F4xx_HAL_Driver/Inc" -I"D:/Users/Tyler/Documents/STM/Workspace/Latency Tests/LatencyTests/Drivers/STM32F4xx_HAL_Driver/Inc/Legacy" -I"D:/Users/Tyler/Documents/STM/Workspace/Latency Tests/LatencyTests/Drivers/CMSIS/Device/ST/STM32F4xx/Include" -I"D:/Users/Tyler/Documents/STM/Workspace/Latency Tests/LatencyTests/Drivers/CMSIS/Include" -I"D:/Users/Tyler/Documents/STM/Workspace/Latency Tests/LatencyTests/Inc"  -Og -g3 -Wall -fmessage-length=0 -ffunction-sections -c -fmessage-length=0 -MMD -MP -MF"Drivers/STM32F4xx_HAL_Driver/Src/stm32f4xx_hal_flash.d" -MT"Drivers/STM32F4xx_HAL_Driver/Src/stm32f4xx_hal_flash.o" -o "Drivers/STM32F4xx_HAL_Driver/Src/stm32f4xx_hal_flash.o" "../Drivers/STM32F4xx_HAL_Driver/Src/stm32f4xx_hal_flash.c"
Finished building: ../Drivers/STM32F4xx_HAL_Driver/Src/stm32f4xx_hal_flash.c
 
Building file: ../Drivers/STM32F4xx_HAL_Driver/Src/stm32f4xx_hal_flash_ex.c
Invoking: MCU GCC Compiler
%cd%
arm-none-eabi-gcc -mcpu=cortex-m4 -mthumb -mfloat-abi=hard -mfpu=fpv4-sp-d16 '-D__weak=__attribute__((weak))' '-D__packed=__attribute__((__packed__))' -DUSE_HAL_DRIVER -DSTM32F446xx -I"D:/Users/Tyler/Documents/STM/Workspace/Latency Tests/LatencyTests/Inc" -I"D:/Users/Tyler/Documents/STM/Workspace/Latency Tests/LatencyTests/Drivers/STM32F4xx_HAL_Driver/Inc" -I"D:/Users/Tyler/Documents/STM/Workspace/Latency Tests/LatencyTests/Drivers/STM32F4xx_HAL_Driver/Inc/Legacy" -I"D:/Users/Tyler/Documents/STM/Workspace/Latency Tests/LatencyTests/Drivers/CMSIS/Device/ST/STM32F4xx/Include" -I"D:/Users/Tyler/Documents/STM/Workspace/Latency Tests/LatencyTests/Drivers/CMSIS/Include" -I"D:/Users/Tyler/Documents/STM/Workspace/Latency Tests/LatencyTests/Inc"  -Og -g3 -Wall -fmessage-length=0 -ffunction-sections -c -fmessage-length=0 -MMD -MP -MF"Drivers/STM32F4xx_HAL_Driver/Src/stm32f4xx_hal_flash_ex.d" -MT"Drivers/STM32F4xx_HAL_Driver/Src/stm32f4xx_hal_flash_ex.o" -o "Drivers/STM32F4xx_HAL_Driver/Src/stm32f4xx_hal_flash_ex.o" "../Drivers/STM32F4xx_HAL_Driver/Src/stm32f4xx_hal_flash_ex.c"
Finished building: ../Drivers/STM32F4xx_HAL_Driver/Src/stm32f4xx_hal_flash_ex.c
 
Building file: ../Drivers/STM32F4xx_HAL_Driver/Src/stm32f4xx_hal_flash_ramfunc.c
Invoking: MCU GCC Compiler
%cd%
arm-none-eabi-gcc -mcpu=cortex-m4 -mthumb -mfloat-abi=hard -mfpu=fpv4-sp-d16 '-D__weak=__attribute__((weak))' '-D__packed=__attribute__((__packed__))' -DUSE_HAL_DRIVER -DSTM32F446xx -I"D:/Users/Tyler/Documents/STM/Workspace/Latency Tests/LatencyTests/Inc" -I"D:/Users/Tyler/Documents/STM/Workspace/Latency Tests/LatencyTests/Drivers/STM32F4xx_HAL_Driver/Inc" -I"D:/Users/Tyler/Documents/STM/Workspace/Latency Tests/LatencyTests/Drivers/STM32F4xx_HAL_Driver/Inc/Legacy" -I"D:/Users/Tyler/Documents/STM/Workspace/Latency Tests/LatencyTests/Drivers/CMSIS/Device/ST/STM32F4xx/Include" -I"D:/Users/Tyler/Documents/STM/Workspace/Latency Tests/LatencyTests/Drivers/CMSIS/Include" -I"D:/Users/Tyler/Documents/STM/Workspace/Latency Tests/LatencyTests/Inc"  -Og -g3 -Wall -fmessage-length=0 -ffunction-sections -c -fmessage-length=0 -MMD -MP -MF"Drivers/STM32F4xx_HAL_Driver/Src/stm32f4xx_hal_flash_ramfunc.d" -MT"Drivers/STM32F4xx_HAL_Driver/Src/stm32f4xx_hal_flash_ramfunc.o" -o "Drivers/STM32F4xx_HAL_Driver/Src/stm32f4xx_hal_flash_ramfunc.o" "../Drivers/STM32F4xx_HAL_Driver/Src/stm32f4xx_hal_flash_ramfunc.c"
Finished building: ../Drivers/STM32F4xx_HAL_Driver/Src/stm32f4xx_hal_flash_ramfunc.c
 
Building file: ../Drivers/STM32F4xx_HAL_Driver/Src/stm32f4xx_hal_gpio.c
Invoking: MCU GCC Compiler
%cd%
arm-none-eabi-gcc -mcpu=cortex-m4 -mthumb -mfloat-abi=hard -mfpu=fpv4-sp-d16 '-D__weak=__attribute__((weak))' '-D__packed=__attribute__((__packed__))' -DUSE_HAL_DRIVER -DSTM32F446xx -I"D:/Users/Tyler/Documents/STM/Workspace/Latency Tests/LatencyTests/Inc" -I"D:/Users/Tyler/Documents/STM/Workspace/Latency Tests/LatencyTests/Drivers/STM32F4xx_HAL_Driver/Inc" -I"D:/Users/Tyler/Documents/STM/Workspace/Latency Tests/LatencyTests/Drivers/STM32F4xx_HAL_Driver/Inc/Legacy" -I"D:/Users/Tyler/Documents/STM/Workspace/Latency Tests/LatencyTests/Drivers/CMSIS/Device/ST/STM32F4xx/Include" -I"D:/Users/Tyler/Documents/STM/Workspace/Latency Tests/LatencyTests/Drivers/CMSIS/Include" -I"D:/Users/Tyler/Documents/STM/Workspace/Latency Tests/LatencyTests/Inc"  -Og -g3 -Wall -fmessage-length=0 -ffunction-sections -c -fmessage-length=0 -MMD -MP -MF"Drivers/STM32F4xx_HAL_Driver/Src/stm32f4xx_hal_gpio.d" -MT"Drivers/STM32F4xx_HAL_Driver/Src/stm32f4xx_hal_gpio.o" -o "Drivers/STM32F4xx_HAL_Driver/Src/stm32f4xx_hal_gpio.o" "../Drivers/STM32F4xx_HAL_Driver/Src/stm32f4xx_hal_gpio.c"
Finished building: ../Drivers/STM32F4xx_HAL_Driver/Src/stm32f4xx_hal_gpio.c
 
Building file: ../Drivers/STM32F4xx_HAL_Driver/Src/stm32f4xx_hal_pwr.c
Invoking: MCU GCC Compiler
%cd%
arm-none-eabi-gcc -mcpu=cortex-m4 -mthumb -mfloat-abi=hard -mfpu=fpv4-sp-d16 '-D__weak=__attribute__((weak))' '-D__packed=__attribute__((__packed__))' -DUSE_HAL_DRIVER -DSTM32F446xx -I"D:/Users/Tyler/Documents/STM/Workspace/Latency Tests/LatencyTests/Inc" -I"D:/Users/Tyler/Documents/STM/Workspace/Latency Tests/LatencyTests/Drivers/STM32F4xx_HAL_Driver/Inc" -I"D:/Users/Tyler/Documents/STM/Workspace/Latency Tests/LatencyTests/Drivers/STM32F4xx_HAL_Driver/Inc/Legacy" -I"D:/Users/Tyler/Documents/STM/Workspace/Latency Tests/LatencyTests/Drivers/CMSIS/Device/ST/STM32F4xx/Include" -I"D:/Users/Tyler/Documents/STM/Workspace/Latency Tests/LatencyTests/Drivers/CMSIS/Include" -I"D:/Users/Tyler/Documents/STM/Workspace/Latency Tests/LatencyTests/Inc"  -Og -g3 -Wall -fmessage-length=0 -ffunction-sections -c -fmessage-length=0 -MMD -MP -MF"Drivers/STM32F4xx_HAL_Driver/Src/stm32f4xx_hal_pwr.d" -MT"Drivers/STM32F4xx_HAL_Driver/Src/stm32f4xx_hal_pwr.o" -o "Drivers/STM32F4xx_HAL_Driver/Src/stm32f4xx_hal_pwr.o" "../Drivers/STM32F4xx_HAL_Driver/Src/stm32f4xx_hal_pwr.c"
Finished building: ../Drivers/STM32F4xx_HAL_Driver/Src/stm32f4xx_hal_pwr.c
 
Building file: ../Drivers/STM32F4xx_HAL_Driver/Src/stm32f4xx_hal_pwr_ex.c
Invoking: MCU GCC Compiler
%cd%
arm-none-eabi-gcc -mcpu=cortex-m4 -mthumb -mfloat-abi=hard -mfpu=fpv4-sp-d16 '-D__weak=__attribute__((weak))' '-D__packed=__attribute__((__packed__))' -DUSE_HAL_DRIVER -DSTM32F446xx -I"D:/Users/Tyler/Documents/STM/Workspace/Latency Tests/LatencyTests/Inc" -I"D:/Users/Tyler/Documents/STM/Workspace/Latency Tests/LatencyTests/Drivers/STM32F4xx_HAL_Driver/Inc" -I"D:/Users/Tyler/Documents/STM/Workspace/Latency Tests/LatencyTests/Drivers/STM32F4xx_HAL_Driver/Inc/Legacy" -I"D:/Users/Tyler/Documents/STM/Workspace/Latency Tests/LatencyTests/Drivers/CMSIS/Device/ST/STM32F4xx/Include" -I"D:/Users/Tyler/Documents/STM/Workspace/Latency Tests/LatencyTests/Drivers/CMSIS/Include" -I"D:/Users/Tyler/Documents/STM/Workspace/Latency Tests/LatencyTests/Inc"  -Og -g3 -Wall -fmessage-length=0 -ffunction-sections -c -fmessage-length=0 -MMD -MP -MF"Drivers/STM32F4xx_HAL_Driver/Src/stm32f4xx_hal_pwr_ex.d" -MT"Drivers/STM32F4xx_HAL_Driver/Src/stm32f4xx_hal_pwr_ex.o" -o "Drivers/STM32F4xx_HAL_Driver/Src/stm32f4xx_hal_pwr_ex.o" "../Drivers/STM32F4xx_HAL_Driver/Src/stm32f4xx_hal_pwr_ex.c"
Finished building: ../Drivers/STM32F4xx_HAL_Driver/Src/stm32f4xx_hal_pwr_ex.c
 
Building file: ../Drivers/STM32F4xx_HAL_Driver/Src/stm32f4xx_hal_rcc.c
Invoking: MCU GCC Compiler
%cd%
arm-none-eabi-gcc -mcpu=cortex-m4 -mthumb -mfloat-abi=hard -mfpu=fpv4-sp-d16 '-D__weak=__attribute__((weak))' '-D__packed=__attribute__((__packed__))' -DUSE_HAL_DRIVER -DSTM32F446xx -I"D:/Users/Tyler/Documents/STM/Workspace/Latency Tests/LatencyTests/Inc" -I"D:/Users/Tyler/Documents/STM/Workspace/Latency Tests/LatencyTests/Drivers/STM32F4xx_HAL_Driver/Inc" -I"D:/Users/Tyler/Documents/STM/Workspace/Latency Tests/LatencyTests/Drivers/STM32F4xx_HAL_Driver/Inc/Legacy" -I"D:/Users/Tyler/Documents/STM/Workspace/Latency Tests/LatencyTests/Drivers/CMSIS/Device/ST/STM32F4xx/Include" -I"D:/Users/Tyler/Documents/STM/Workspace/Latency Tests/LatencyTests/Drivers/CMSIS/Include" -I"D:/Users/Tyler/Documents/STM/Workspace/Latency Tests/LatencyTests/Inc"  -Og -g3 -Wall -fmessage-length=0 -ffunction-sections -c -fmessage-length=0 -MMD -MP -MF"Drivers/STM32F4xx_HAL_Driver/Src/stm32f4xx_hal_rcc.d" -MT"Drivers/STM32F4xx_HAL_Driver/Src/stm32f4xx_hal_rcc.o" -o "Drivers/STM32F4xx_HAL_Driver/Src/stm32f4xx_hal_rcc.o" "../Drivers/STM32F4xx_HAL_Driver/Src/stm32f4xx_hal_rcc.c"
Finished building: ../Drivers/STM32F4xx_HAL_Driver/Src/stm32f4xx_hal_rcc.c
 
Building file: ../Drivers/STM32F4xx_HAL_Driver/Src/stm32f4xx_hal_rcc_ex.c
Invoking: MCU GCC Compiler
%cd%
arm-none-eabi-gcc -mcpu=cortex-m4 -mthumb -mfloat-abi=hard -mfpu=fpv4-sp-d16 '-D__weak=__attribute__((weak))' '-D__packed=__attribute__((__packed__))' -DUSE_HAL_DRIVER -DSTM32F446xx -I"D:/Users/Tyler/Documents/STM/Workspace/Latency Tests/LatencyTests/Inc" -I"D:/Users/Tyler/Documents/STM/Workspace/Latency Tests/LatencyTests/Drivers/STM32F4xx_HAL_Driver/Inc" -I"D:/Users/Tyler/Documents/STM/Workspace/Latency Tests/LatencyTests/Drivers/STM32F4xx_HAL_Driver/Inc/Legacy" -I"D:/Users/Tyler/Documents/STM/Workspace/Latency Tests/LatencyTests/Drivers/CMSIS/Device/ST/STM32F4xx/Include" -I"D:/Users/Tyler/Documents/STM/Workspace/Latency Tests/LatencyTests/Drivers/CMSIS/Include" -I"D:/Users/Tyler/Documents/STM/Workspace/Latency Tests/LatencyTests/Inc"  -Og -g3 -Wall -fmessage-length=0 -ffunction-sections -c -fmessage-length=0 -MMD -MP -MF"Drivers/STM32F4xx_HAL_Driver/Src/stm32f4xx_hal_rcc_ex.d" -MT"Drivers/STM32F4xx_HAL_Driver/Src/stm32f4xx_hal_rcc_ex.o" -o "Drivers/STM32F4xx_HAL_Driver/Src/stm32f4xx_hal_rcc_ex.o" "../Drivers/STM32F4xx_HAL_Driver/Src/stm32f4xx_hal_rcc_ex.c"
Finished building: ../Drivers/STM32F4xx_HAL_Driver/Src/stm32f4xx_hal_rcc_ex.c
 
Building file: ../Drivers/STM32F4xx_HAL_Driver/Src/stm32f4xx_hal_tim.c
Invoking: MCU GCC Compiler
%cd%
arm-none-eabi-gcc -mcpu=cortex-m4 -mthumb -mfloat-abi=hard -mfpu=fpv4-sp-d16 '-D__weak=__attribute__((weak))' '-D__packed=__attribute__((__packed__))' -DUSE_HAL_DRIVER -DSTM32F446xx -I"D:/Users/Tyler/Documents/STM/Workspace/Latency Tests/LatencyTests/Inc" -I"D:/Users/Tyler/Documents/STM/Workspace/Latency Tests/LatencyTests/Drivers/STM32F4xx_HAL_Driver/Inc" -I"D:/Users/Tyler/Documents/STM/Workspace/Latency Tests/LatencyTests/Drivers/STM32F4xx_HAL_Driver/Inc/Legacy" -I"D:/Users/Tyler/Documents/STM/Workspace/Latency Tests/LatencyTests/Drivers/CMSIS/Device/ST/STM32F4xx/Include" -I"D:/Users/Tyler/Documents/STM/Workspace/Latency Tests/LatencyTests/Drivers/CMSIS/Include" -I"D:/Users/Tyler/Documents/STM/Workspace/Latency Tests/LatencyTests/Inc"  -Og -g3 -Wall -fmessage-length=0 -ffunction-sections -c -fmessage-length=0 -MMD -MP -MF"Drivers/STM32F4xx_HAL_Driver/Src/stm32f4xx_hal_tim.d" -MT"Drivers/STM32F4xx_HAL_Driver/Src/stm32f4xx_hal_tim.o" -o "Drivers/STM32F4xx_HAL_Driver/Src/stm32f4xx_hal_tim.o" "../Drivers/STM32F4xx_HAL_Driver/Src/stm32f4xx_hal_tim.c"
Finished building: ../Drivers/STM32F4xx_HAL_Driver/Src/stm32f4xx_hal_tim.c
 
Building file: ../Drivers/STM32F4xx_HAL_Driver/Src/stm32f4xx_hal_tim_ex.c
Invoking: MCU GCC Compiler
%cd%
arm-none-eabi-gcc -mcpu=cortex-m4 -mthumb -mfloat-abi=hard -mfpu=fpv4-sp-d16 '-D__weak=__attribute__((weak))' '-D__packed=__attribute__((__packed__))' -DUSE_HAL_DRIVER -DSTM32F446xx -I"D:/Users/Tyler/Documents/STM/Workspace/Latency Tests/LatencyTests/Inc" -I"D:/Users/Tyler/Documents/STM/Workspace/Latency Tests/LatencyTests/Drivers/STM32F4xx_HAL_Driver/Inc" -I"D:/Users/Tyler/Documents/STM/Workspace/Latency Tests/LatencyTests/Drivers/STM32F4xx_HAL_Driver/Inc/Legacy" -I"D:/Users/Tyler/Documents/STM/Workspace/Latency Tests/LatencyTests/Drivers/CMSIS/Device/ST/STM32F4xx/Include" -I"D:/Users/Tyler/Documents/STM/Workspace/Latency Tests/LatencyTests/Drivers/CMSIS/Include" -I"D:/Users/Tyler/Documents/STM/Workspace/Latency Tests/LatencyTests/Inc"  -Og -g3 -Wall -fmessage-length=0 -ffunction-sections -c -fmessage-length=0 -MMD -MP -MF"Drivers/STM32F4xx_HAL_Driver/Src/stm32f4xx_hal_tim_ex.d" -MT"Drivers/STM32F4xx_HAL_Driver/Src/stm32f4xx_hal_tim_ex.o" -o "Drivers/STM32F4xx_HAL_Driver/Src/stm32f4xx_hal_tim_ex.o" "../Drivers/STM32F4xx_HAL_Driver/Src/stm32f4xx_hal_tim_ex.c"
Finished building: ../Drivers/STM32F4xx_HAL_Driver/Src/stm32f4xx_hal_tim_ex.c
 
Building file: ../Drivers/STM32F4xx_HAL_Driver/Src/stm32f4xx_hal_uart.c
Invoking: MCU GCC Compiler
%cd%
arm-none-eabi-gcc -mcpu=cortex-m4 -mthumb -mfloat-abi=hard -mfpu=fpv4-sp-d16 '-D__weak=__attribute__((weak))' '-D__packed=__attribute__((__packed__))' -DUSE_HAL_DRIVER -DSTM32F446xx -I"D:/Users/Tyler/Documents/STM/Workspace/Latency Tests/LatencyTests/Inc" -I"D:/Users/Tyler/Documents/STM/Workspace/Latency Tests/LatencyTests/Drivers/STM32F4xx_HAL_Driver/Inc" -I"D:/Users/Tyler/Documents/STM/Workspace/Latency Tests/LatencyTests/Drivers/STM32F4xx_HAL_Driver/Inc/Legacy" -I"D:/Users/Tyler/Documents/STM/Workspace/Latency Tests/LatencyTests/Drivers/CMSIS/Device/ST/STM32F4xx/Include" -I"D:/Users/Tyler/Documents/STM/Workspace/Latency Tests/LatencyTests/Drivers/CMSIS/Include" -I"D:/Users/Tyler/Documents/STM/Workspace/Latency Tests/LatencyTests/Inc"  -Og -g3 -Wall -fmessage-length=0 -ffunction-sections -c -fmessage-length=0 -MMD -MP -MF"Drivers/STM32F4xx_HAL_Driver/Src/stm32f4xx_hal_uart.d" -MT"Drivers/STM32F4xx_HAL_Driver/Src/stm32f4xx_hal_uart.o" -o "Drivers/STM32F4xx_HAL_Driver/Src/stm32f4xx_hal_uart.o" "../Drivers/STM32F4xx_HAL_Driver/Src/stm32f4xx_hal_uart.c"
Finished building: ../Drivers/STM32F4xx_HAL_Driver/Src/stm32f4xx_hal_uart.c
 
Building target: LatencyTests.elf
Invoking: MCU GCC Linker
arm-none-eabi-gcc -mcpu=cortex-m4 -mthumb -mfloat-abi=hard -mfpu=fpv4-sp-d16 -specs=nosys.specs -specs=nano.specs -T"../STM32F446ZETx_FLASH.ld" -Wl,-Map=output.map -Wl,--gc-sections -lm -o "LatencyTests.elf" @"objects.list"  
Finished building target: LatencyTests.elf
 
make --no-print-directory post-build
Generating binary and Printing size information:
arm-none-eabi-objcopy -O binary "LatencyTests.elf" "LatencyTests.bin"
arm-none-eabi-size "LatencyTests.elf"
   text	   data	    bss	    dec	    hex	filename
   9168	     12	   1780	  10960	   2ad0	LatencyTests.elf
 
00:28:31 **** Incremental Build of configuration Debug for project LatencyTests ****
make all 
make: Nothing to be done for `all'.
00:29:34 **** Incremental Build of configuration Debug for project LatencyTests ****
make all 
Building file: ../Src/main.c
Invoking: MCU GCC Compiler
%cd%
arm-none-eabi-gcc -mcpu=cortex-m4 -mthumb -mfloat-abi=hard -mfpu=fpv4-sp-d16 '-D__weak=__attribute__((weak))' '-D__packed=__attribute__((__packed__))' -DUSE_HAL_DRIVER -DSTM32F446xx -I"D:/Users/Tyler/Documents/STM/Workspace/Latency Tests/LatencyTests/Inc" -I"D:/Users/Tyler/Documents/STM/Workspace/Latency Tests/LatencyTests/Drivers/STM32F4xx_HAL_Driver/Inc" -I"D:/Users/Tyler/Documents/STM/Workspace/Latency Tests/LatencyTests/Drivers/STM32F4xx_HAL_Driver/Inc/Legacy" -I"D:/Users/Tyler/Documents/STM/Workspace/Latency Tests/LatencyTests/Drivers/CMSIS/Device/ST/STM32F4xx/Include" -I"D:/Users/Tyler/Documents/STM/Workspace/Latency Tests/LatencyTests/Drivers/CMSIS/Include" -I"D:/Users/Tyler/Documents/STM/Workspace/Latency Tests/LatencyTests/Inc"  -Og -g3 -Wall -fmessage-length=0 -ffunction-sections -c -fmessage-length=0 -MMD -MP -MF"Src/main.d" -MT"Src/main.o" -o "Src/main.o" "../Src/main.c"
Finished building: ../Src/main.c
 
Building target: LatencyTests.elf
Invoking: MCU GCC Linker
arm-none-eabi-gcc -mcpu=cortex-m4 -mthumb -mfloat-abi=hard -mfpu=fpv4-sp-d16 -specs=nosys.specs -specs=nano.specs -T"../STM32F446ZETx_FLASH.ld" -Wl,-Map=output.map -Wl,--gc-sections -lm -o "LatencyTests.elf" @"objects.list"  
Finished building target: LatencyTests.elf
 
make --no-print-directory post-build
Generating binary and Printing size information:
arm-none-eabi-objcopy -O binary "LatencyTests.elf" "LatencyTests.bin"
arm-none-eabi-size "LatencyTests.elf"
   text	   data	    bss	    dec	    hex	filename
   9216	     12	   1780	  11008	   2b00	LatencyTests.elf
 
00:31:23 **** Incremental Build of configuration Debug for project LatencyTests ****
make all 
Building file: ../Src/main.c
Invoking: MCU GCC Compiler
%cd%
arm-none-eabi-gcc -mcpu=cortex-m4 -mthumb -mfloat-abi=hard -mfpu=fpv4-sp-d16 '-D__weak=__attribute__((weak))' '-D__packed=__attribute__((__packed__))' -DUSE_HAL_DRIVER -DSTM32F446xx -I"D:/Users/Tyler/Documents/STM/Workspace/Latency Tests/LatencyTests/Inc" -I"D:/Users/Tyler/Documents/STM/Workspace/Latency Tests/LatencyTests/Drivers/STM32F4xx_HAL_Driver/Inc" -I"D:/Users/Tyler/Documents/STM/Workspace/Latency Tests/LatencyTests/Drivers/STM32F4xx_HAL_Driver/Inc/Legacy" -I"D:/Users/Tyler/Documents/STM/Workspace/Latency Tests/LatencyTests/Drivers/CMSIS/Device/ST/STM32F4xx/Include" -I"D:/Users/Tyler/Documents/STM/Workspace/Latency Tests/LatencyTests/Drivers/CMSIS/Include" -I"D:/Users/Tyler/Documents/STM/Workspace/Latency Tests/LatencyTests/Inc"  -Og -g3 -Wall -fmessage-length=0 -ffunction-sections -c -fmessage-length=0 -MMD -MP -MF"Src/main.d" -MT"Src/main.o" -o "Src/main.o" "../Src/main.c"
Finished building: ../Src/main.c
 
Building target: LatencyTests.elf
Invoking: MCU GCC Linker
arm-none-eabi-gcc -mcpu=cortex-m4 -mthumb -mfloat-abi=hard -mfpu=fpv4-sp-d16 -specs=nosys.specs -specs=nano.specs -T"../STM32F446ZETx_FLASH.ld" -Wl,-Map=output.map -Wl,--gc-sections -lm -o "LatencyTests.elf" @"objects.list"  
Finished building target: LatencyTests.elf
 
make --no-print-directory post-build
Generating binary and Printing size information:
arm-none-eabi-objcopy -O binary "LatencyTests.elf" "LatencyTests.bin"
arm-none-eabi-size "LatencyTests.elf"
   text	   data	    bss	    dec	    hex	filename
   9224	     12	   1780	  11016	   2b08	LatencyTests.elf
 
00:31:45 **** Incremental Build of configuration Debug for project LatencyTests ****
make all 
Building file: ../Src/main.c
Invoking: MCU GCC Compiler
%cd%
arm-none-eabi-gcc -mcpu=cortex-m4 -mthumb -mfloat-abi=hard -mfpu=fpv4-sp-d16 '-D__weak=__attribute__((weak))' '-D__packed=__attribute__((__packed__))' -DUSE_HAL_DRIVER -DSTM32F446xx -I"D:/Users/Tyler/Documents/STM/Workspace/Latency Tests/LatencyTests/Inc" -I"D:/Users/Tyler/Documents/STM/Workspace/Latency Tests/LatencyTests/Drivers/STM32F4xx_HAL_Driver/Inc" -I"D:/Users/Tyler/Documents/STM/Workspace/Latency Tests/LatencyTests/Drivers/STM32F4xx_HAL_Driver/Inc/Legacy" -I"D:/Users/Tyler/Documents/STM/Workspace/Latency Tests/LatencyTests/Drivers/CMSIS/Device/ST/STM32F4xx/Include" -I"D:/Users/Tyler/Documents/STM/Workspace/Latency Tests/LatencyTests/Drivers/CMSIS/Include" -I"D:/Users/Tyler/Documents/STM/Workspace/Latency Tests/LatencyTests/Inc"  -Og -g3 -Wall -fmessage-length=0 -ffunction-sections -c -fmessage-length=0 -MMD -MP -MF"Src/main.d" -MT"Src/main.o" -o "Src/main.o" "../Src/main.c"
Finished building: ../Src/main.c
 
Building target: LatencyTests.elf
Invoking: MCU GCC Linker
arm-none-eabi-gcc -mcpu=cortex-m4 -mthumb -mfloat-abi=hard -mfpu=fpv4-sp-d16 -specs=nosys.specs -specs=nano.specs -T"../STM32F446ZETx_FLASH.ld" -Wl,-Map=output.map -Wl,--gc-sections -lm -o "LatencyTests.elf" @"objects.list"  
Finished building target: LatencyTests.elf
 
make --no-print-directory post-build
Generating binary and Printing size information:
arm-none-eabi-objcopy -O binary "LatencyTests.elf" "LatencyTests.bin"
arm-none-eabi-size "LatencyTests.elf"
   text	   data	    bss	    dec	    hex	filename
   9224	     12	   1780	  11016	   2b08	LatencyTests.elf
 
00:31:58 **** Incremental Build of configuration Debug for project LatencyTests ****
make all 
Building file: ../Src/main.c
Invoking: MCU GCC Compiler
%cd%
arm-none-eabi-gcc -mcpu=cortex-m4 -mthumb -mfloat-abi=hard -mfpu=fpv4-sp-d16 '-D__weak=__attribute__((weak))' '-D__packed=__attribute__((__packed__))' -DUSE_HAL_DRIVER -DSTM32F446xx -I"D:/Users/Tyler/Documents/STM/Workspace/Latency Tests/LatencyTests/Inc" -I"D:/Users/Tyler/Documents/STM/Workspace/Latency Tests/LatencyTests/Drivers/STM32F4xx_HAL_Driver/Inc" -I"D:/Users/Tyler/Documents/STM/Workspace/Latency Tests/LatencyTests/Drivers/STM32F4xx_HAL_Driver/Inc/Legacy" -I"D:/Users/Tyler/Documents/STM/Workspace/Latency Tests/LatencyTests/Drivers/CMSIS/Device/ST/STM32F4xx/Include" -I"D:/Users/Tyler/Documents/STM/Workspace/Latency Tests/LatencyTests/Drivers/CMSIS/Include" -I"D:/Users/Tyler/Documents/STM/Workspace/Latency Tests/LatencyTests/Inc"  -Og -g3 -Wall -fmessage-length=0 -ffunction-sections -c -fmessage-length=0 -MMD -MP -MF"Src/main.d" -MT"Src/main.o" -o "Src/main.o" "../Src/main.c"
Finished building: ../Src/main.c
 
Building target: LatencyTests.elf
Invoking: MCU GCC Linker
arm-none-eabi-gcc -mcpu=cortex-m4 -mthumb -mfloat-abi=hard -mfpu=fpv4-sp-d16 -specs=nosys.specs -specs=nano.specs -T"../STM32F446ZETx_FLASH.ld" -Wl,-Map=output.map -Wl,--gc-sections -lm -o "LatencyTests.elf" @"objects.list"  
Finished building target: LatencyTests.elf
 
make --no-print-directory post-build
Generating binary and Printing size information:
arm-none-eabi-objcopy -O binary "LatencyTests.elf" "LatencyTests.bin"
arm-none-eabi-size "LatencyTests.elf"
   text	   data	    bss	    dec	    hex	filename
   9224	     12	   1780	  11016	   2b08	LatencyTests.elf
 
00:32:16 **** Incremental Build of configuration Debug for project LatencyTests ****
make all 
Building file: ../Src/main.c
Invoking: MCU GCC Compiler
%cd%
arm-none-eabi-gcc -mcpu=cortex-m4 -mthumb -mfloat-abi=hard -mfpu=fpv4-sp-d16 '-D__weak=__attribute__((weak))' '-D__packed=__attribute__((__packed__))' -DUSE_HAL_DRIVER -DSTM32F446xx -I"D:/Users/Tyler/Documents/STM/Workspace/Latency Tests/LatencyTests/Inc" -I"D:/Users/Tyler/Documents/STM/Workspace/Latency Tests/LatencyTests/Drivers/STM32F4xx_HAL_Driver/Inc" -I"D:/Users/Tyler/Documents/STM/Workspace/Latency Tests/LatencyTests/Drivers/STM32F4xx_HAL_Driver/Inc/Legacy" -I"D:/Users/Tyler/Documents/STM/Workspace/Latency Tests/LatencyTests/Drivers/CMSIS/Device/ST/STM32F4xx/Include" -I"D:/Users/Tyler/Documents/STM/Workspace/Latency Tests/LatencyTests/Drivers/CMSIS/Include" -I"D:/Users/Tyler/Documents/STM/Workspace/Latency Tests/LatencyTests/Inc"  -Og -g3 -Wall -fmessage-length=0 -ffunction-sections -c -fmessage-length=0 -MMD -MP -MF"Src/main.d" -MT"Src/main.o" -o "Src/main.o" "../Src/main.c"
Finished building: ../Src/main.c
 
Building target: LatencyTests.elf
Invoking: MCU GCC Linker
arm-none-eabi-gcc -mcpu=cortex-m4 -mthumb -mfloat-abi=hard -mfpu=fpv4-sp-d16 -specs=nosys.specs -specs=nano.specs -T"../STM32F446ZETx_FLASH.ld" -Wl,-Map=output.map -Wl,--gc-sections -lm -o "LatencyTests.elf" @"objects.list"  
Finished building target: LatencyTests.elf
 
make --no-print-directory post-build
Generating binary and Printing size information:
arm-none-eabi-objcopy -O binary "LatencyTests.elf" "LatencyTests.bin"
arm-none-eabi-size "LatencyTests.elf"
   text	   data	    bss	    dec	    hex	filename
   9216	     12	   1780	  11008	   2b00	LatencyTests.elf
 
00:32:44 **** Incremental Build of configuration Debug for project LatencyTests ****
make all 
Building file: ../Src/main.c
Invoking: MCU GCC Compiler
%cd%
arm-none-eabi-gcc -mcpu=cortex-m4 -mthumb -mfloat-abi=hard -mfpu=fpv4-sp-d16 '-D__weak=__attribute__((weak))' '-D__packed=__attribute__((__packed__))' -DUSE_HAL_DRIVER -DSTM32F446xx -I"D:/Users/Tyler/Documents/STM/Workspace/Latency Tests/LatencyTests/Inc" -I"D:/Users/Tyler/Documents/STM/Workspace/Latency Tests/LatencyTests/Drivers/STM32F4xx_HAL_Driver/Inc" -I"D:/Users/Tyler/Documents/STM/Workspace/Latency Tests/LatencyTests/Drivers/STM32F4xx_HAL_Driver/Inc/Legacy" -I"D:/Users/Tyler/Documents/STM/Workspace/Latency Tests/LatencyTests/Drivers/CMSIS/Device/ST/STM32F4xx/Include" -I"D:/Users/Tyler/Documents/STM/Workspace/Latency Tests/LatencyTests/Drivers/CMSIS/Include" -I"D:/Users/Tyler/Documents/STM/Workspace/Latency Tests/LatencyTests/Inc"  -Og -g3 -Wall -fmessage-length=0 -ffunction-sections -c -fmessage-length=0 -MMD -MP -MF"Src/main.d" -MT"Src/main.o" -o "Src/main.o" "../Src/main.c"
Finished building: ../Src/main.c
 
Building target: LatencyTests.elf
Invoking: MCU GCC Linker
arm-none-eabi-gcc -mcpu=cortex-m4 -mthumb -mfloat-abi=hard -mfpu=fpv4-sp-d16 -specs=nosys.specs -specs=nano.specs -T"../STM32F446ZETx_FLASH.ld" -Wl,-Map=output.map -Wl,--gc-sections -lm -o "LatencyTests.elf" @"objects.list"  
Finished building target: LatencyTests.elf
 
make --no-print-directory post-build
Generating binary and Printing size information:
arm-none-eabi-objcopy -O binary "LatencyTests.elf" "LatencyTests.bin"
arm-none-eabi-size "LatencyTests.elf"
   text	   data	    bss	    dec	    hex	filename
   9224	     12	   1780	  11016	   2b08	LatencyTests.elf
 
00:33:09 **** Incremental Build of configuration Debug for project LatencyTests ****
make all 
Building file: ../Src/main.c
Invoking: MCU GCC Compiler
%cd%
arm-none-eabi-gcc -mcpu=cortex-m4 -mthumb -mfloat-abi=hard -mfpu=fpv4-sp-d16 '-D__weak=__attribute__((weak))' '-D__packed=__attribute__((__packed__))' -DUSE_HAL_DRIVER -DSTM32F446xx -I"D:/Users/Tyler/Documents/STM/Workspace/Latency Tests/LatencyTests/Inc" -I"D:/Users/Tyler/Documents/STM/Workspace/Latency Tests/LatencyTests/Drivers/STM32F4xx_HAL_Driver/Inc" -I"D:/Users/Tyler/Documents/STM/Workspace/Latency Tests/LatencyTests/Drivers/STM32F4xx_HAL_Driver/Inc/Legacy" -I"D:/Users/Tyler/Documents/STM/Workspace/Latency Tests/LatencyTests/Drivers/CMSIS/Device/ST/STM32F4xx/Include" -I"D:/Users/Tyler/Documents/STM/Workspace/Latency Tests/LatencyTests/Drivers/CMSIS/Include" -I"D:/Users/Tyler/Documents/STM/Workspace/Latency Tests/LatencyTests/Inc"  -Og -g3 -Wall -fmessage-length=0 -ffunction-sections -c -fmessage-length=0 -MMD -MP -MF"Src/main.d" -MT"Src/main.o" -o "Src/main.o" "../Src/main.c"
Finished building: ../Src/main.c
 
Building target: LatencyTests.elf
Invoking: MCU GCC Linker
arm-none-eabi-gcc -mcpu=cortex-m4 -mthumb -mfloat-abi=hard -mfpu=fpv4-sp-d16 -specs=nosys.specs -specs=nano.specs -T"../STM32F446ZETx_FLASH.ld" -Wl,-Map=output.map -Wl,--gc-sections -lm -o "LatencyTests.elf" @"objects.list"  
Finished building target: LatencyTests.elf
 
make --no-print-directory post-build
Generating binary and Printing size information:
arm-none-eabi-objcopy -O binary "LatencyTests.elf" "LatencyTests.bin"
arm-none-eabi-size "LatencyTests.elf"
   text	   data	    bss	    dec	    hex	filename
   9216	     12	   1780	  11008	   2b00	LatencyTests.elf
 
00:33:22 **** Incremental Build of configuration Debug for project LatencyTests ****
make all 
Building file: ../Src/main.c
Invoking: MCU GCC Compiler
%cd%
arm-none-eabi-gcc -mcpu=cortex-m4 -mthumb -mfloat-abi=hard -mfpu=fpv4-sp-d16 '-D__weak=__attribute__((weak))' '-D__packed=__attribute__((__packed__))' -DUSE_HAL_DRIVER -DSTM32F446xx -I"D:/Users/Tyler/Documents/STM/Workspace/Latency Tests/LatencyTests/Inc" -I"D:/Users/Tyler/Documents/STM/Workspace/Latency Tests/LatencyTests/Drivers/STM32F4xx_HAL_Driver/Inc" -I"D:/Users/Tyler/Documents/STM/Workspace/Latency Tests/LatencyTests/Drivers/STM32F4xx_HAL_Driver/Inc/Legacy" -I"D:/Users/Tyler/Documents/STM/Workspace/Latency Tests/LatencyTests/Drivers/CMSIS/Device/ST/STM32F4xx/Include" -I"D:/Users/Tyler/Documents/STM/Workspace/Latency Tests/LatencyTests/Drivers/CMSIS/Include" -I"D:/Users/Tyler/Documents/STM/Workspace/Latency Tests/LatencyTests/Inc"  -Og -g3 -Wall -fmessage-length=0 -ffunction-sections -c -fmessage-length=0 -MMD -MP -MF"Src/main.d" -MT"Src/main.o" -o "Src/main.o" "../Src/main.c"
Finished building: ../Src/main.c
 
Building target: LatencyTests.elf
Invoking: MCU GCC Linker
arm-none-eabi-gcc -mcpu=cortex-m4 -mthumb -mfloat-abi=hard -mfpu=fpv4-sp-d16 -specs=nosys.specs -specs=nano.specs -T"../STM32F446ZETx_FLASH.ld" -Wl,-Map=output.map -Wl,--gc-sections -lm -o "LatencyTests.elf" @"objects.list"  
Finished building target: LatencyTests.elf
 
make --no-print-directory post-build
Generating binary and Printing size information:
arm-none-eabi-objcopy -O binary "LatencyTests.elf" "LatencyTests.bin"
arm-none-eabi-size "LatencyTests.elf"
   text	   data	    bss	    dec	    hex	filename
   9224	     12	   1780	  11016	   2b08	LatencyTests.elf
 
00:33:45 **** Incremental Build of configuration Debug for project LatencyTests ****
make all 
Building file: ../Src/main.c
Invoking: MCU GCC Compiler
%cd%
arm-none-eabi-gcc -mcpu=cortex-m4 -mthumb -mfloat-abi=hard -mfpu=fpv4-sp-d16 '-D__weak=__attribute__((weak))' '-D__packed=__attribute__((__packed__))' -DUSE_HAL_DRIVER -DSTM32F446xx -I"D:/Users/Tyler/Documents/STM/Workspace/Latency Tests/LatencyTests/Inc" -I"D:/Users/Tyler/Documents/STM/Workspace/Latency Tests/LatencyTests/Drivers/STM32F4xx_HAL_Driver/Inc" -I"D:/Users/Tyler/Documents/STM/Workspace/Latency Tests/LatencyTests/Drivers/STM32F4xx_HAL_Driver/Inc/Legacy" -I"D:/Users/Tyler/Documents/STM/Workspace/Latency Tests/LatencyTests/Drivers/CMSIS/Device/ST/STM32F4xx/Include" -I"D:/Users/Tyler/Documents/STM/Workspace/Latency Tests/LatencyTests/Drivers/CMSIS/Include" -I"D:/Users/Tyler/Documents/STM/Workspace/Latency Tests/LatencyTests/Inc"  -Og -g3 -Wall -fmessage-length=0 -ffunction-sections -c -fmessage-length=0 -MMD -MP -MF"Src/main.d" -MT"Src/main.o" -o "Src/main.o" "../Src/main.c"
Finished building: ../Src/main.c
 
Building target: LatencyTests.elf
Invoking: MCU GCC Linker
arm-none-eabi-gcc -mcpu=cortex-m4 -mthumb -mfloat-abi=hard -mfpu=fpv4-sp-d16 -specs=nosys.specs -specs=nano.specs -T"../STM32F446ZETx_FLASH.ld" -Wl,-Map=output.map -Wl,--gc-sections -lm -o "LatencyTests.elf" @"objects.list"  
Finished building target: LatencyTests.elf
 
make --no-print-directory post-build
Generating binary and Printing size information:
arm-none-eabi-objcopy -O binary "LatencyTests.elf" "LatencyTests.bin"
arm-none-eabi-size "LatencyTests.elf"
   text	   data	    bss	    dec	    hex	filename
   9224	     12	   1780	  11016	   2b08	LatencyTests.elf
 
00:34:05 **** Incremental Build of configuration Debug for project LatencyTests ****
make all 
Building file: ../Src/main.c
Invoking: MCU GCC Compiler
%cd%
arm-none-eabi-gcc -mcpu=cortex-m4 -mthumb -mfloat-abi=hard -mfpu=fpv4-sp-d16 '-D__weak=__attribute__((weak))' '-D__packed=__attribute__((__packed__))' -DUSE_HAL_DRIVER -DSTM32F446xx -I"D:/Users/Tyler/Documents/STM/Workspace/Latency Tests/LatencyTests/Inc" -I"D:/Users/Tyler/Documents/STM/Workspace/Latency Tests/LatencyTests/Drivers/STM32F4xx_HAL_Driver/Inc" -I"D:/Users/Tyler/Documents/STM/Workspace/Latency Tests/LatencyTests/Drivers/STM32F4xx_HAL_Driver/Inc/Legacy" -I"D:/Users/Tyler/Documents/STM/Workspace/Latency Tests/LatencyTests/Drivers/CMSIS/Device/ST/STM32F4xx/Include" -I"D:/Users/Tyler/Documents/STM/Workspace/Latency Tests/LatencyTests/Drivers/CMSIS/Include" -I"D:/Users/Tyler/Documents/STM/Workspace/Latency Tests/LatencyTests/Inc"  -Og -g3 -Wall -fmessage-length=0 -ffunction-sections -c -fmessage-length=0 -MMD -MP -MF"Src/main.d" -MT"Src/main.o" -o "Src/main.o" "../Src/main.c"
Finished building: ../Src/main.c
 
Building target: LatencyTests.elf
Invoking: MCU GCC Linker
arm-none-eabi-gcc -mcpu=cortex-m4 -mthumb -mfloat-abi=hard -mfpu=fpv4-sp-d16 -specs=nosys.specs -specs=nano.specs -T"../STM32F446ZETx_FLASH.ld" -Wl,-Map=output.map -Wl,--gc-sections -lm -o "LatencyTests.elf" @"objects.list"  
Finished building target: LatencyTests.elf
 
make --no-print-directory post-build
Generating binary and Printing size information:
arm-none-eabi-objcopy -O binary "LatencyTests.elf" "LatencyTests.bin"
arm-none-eabi-size "LatencyTests.elf"
   text	   data	    bss	    dec	    hex	filename
   9224	     12	   1780	  11016	   2b08	LatencyTests.elf
 
00:34:24 **** Incremental Build of configuration Debug for project LatencyTests ****
make all 
Building file: ../Src/main.c
Invoking: MCU GCC Compiler
%cd%
arm-none-eabi-gcc -mcpu=cortex-m4 -mthumb -mfloat-abi=hard -mfpu=fpv4-sp-d16 '-D__weak=__attribute__((weak))' '-D__packed=__attribute__((__packed__))' -DUSE_HAL_DRIVER -DSTM32F446xx -I"D:/Users/Tyler/Documents/STM/Workspace/Latency Tests/LatencyTests/Inc" -I"D:/Users/Tyler/Documents/STM/Workspace/Latency Tests/LatencyTests/Drivers/STM32F4xx_HAL_Driver/Inc" -I"D:/Users/Tyler/Documents/STM/Workspace/Latency Tests/LatencyTests/Drivers/STM32F4xx_HAL_Driver/Inc/Legacy" -I"D:/Users/Tyler/Documents/STM/Workspace/Latency Tests/LatencyTests/Drivers/CMSIS/Device/ST/STM32F4xx/Include" -I"D:/Users/Tyler/Documents/STM/Workspace/Latency Tests/LatencyTests/Drivers/CMSIS/Include" -I"D:/Users/Tyler/Documents/STM/Workspace/Latency Tests/LatencyTests/Inc"  -Og -g3 -Wall -fmessage-length=0 -ffunction-sections -c -fmessage-length=0 -MMD -MP -MF"Src/main.d" -MT"Src/main.o" -o "Src/main.o" "../Src/main.c"
Finished building: ../Src/main.c
 
Building target: LatencyTests.elf
Invoking: MCU GCC Linker
arm-none-eabi-gcc -mcpu=cortex-m4 -mthumb -mfloat-abi=hard -mfpu=fpv4-sp-d16 -specs=nosys.specs -specs=nano.specs -T"../STM32F446ZETx_FLASH.ld" -Wl,-Map=output.map -Wl,--gc-sections -lm -o "LatencyTests.elf" @"objects.list"  
Finished building target: LatencyTests.elf
 
make --no-print-directory post-build
Generating binary and Printing size information:
arm-none-eabi-objcopy -O binary "LatencyTests.elf" "LatencyTests.bin"
arm-none-eabi-size "LatencyTests.elf"
   text	   data	    bss	    dec	    hex	filename
   9216	     12	   1780	  11008	   2b00	LatencyTests.elf
 
00:35:19 **** Incremental Build of configuration Debug for project LatencyTests ****
make all 
Building file: ../Src/main.c
Invoking: MCU GCC Compiler
%cd%
arm-none-eabi-gcc -mcpu=cortex-m4 -mthumb -mfloat-abi=hard -mfpu=fpv4-sp-d16 '-D__weak=__attribute__((weak))' '-D__packed=__attribute__((__packed__))' -DUSE_HAL_DRIVER -DSTM32F446xx -I"D:/Users/Tyler/Documents/STM/Workspace/Latency Tests/LatencyTests/Inc" -I"D:/Users/Tyler/Documents/STM/Workspace/Latency Tests/LatencyTests/Drivers/STM32F4xx_HAL_Driver/Inc" -I"D:/Users/Tyler/Documents/STM/Workspace/Latency Tests/LatencyTests/Drivers/STM32F4xx_HAL_Driver/Inc/Legacy" -I"D:/Users/Tyler/Documents/STM/Workspace/Latency Tests/LatencyTests/Drivers/CMSIS/Device/ST/STM32F4xx/Include" -I"D:/Users/Tyler/Documents/STM/Workspace/Latency Tests/LatencyTests/Drivers/CMSIS/Include" -I"D:/Users/Tyler/Documents/STM/Workspace/Latency Tests/LatencyTests/Inc"  -Og -g3 -Wall -fmessage-length=0 -ffunction-sections -c -fmessage-length=0 -MMD -MP -MF"Src/main.d" -MT"Src/main.o" -o "Src/main.o" "../Src/main.c"
Finished building: ../Src/main.c
 
Building target: LatencyTests.elf
Invoking: MCU GCC Linker
arm-none-eabi-gcc -mcpu=cortex-m4 -mthumb -mfloat-abi=hard -mfpu=fpv4-sp-d16 -specs=nosys.specs -specs=nano.specs -T"../STM32F446ZETx_FLASH.ld" -Wl,-Map=output.map -Wl,--gc-sections -lm -o "LatencyTests.elf" @"objects.list"  
Finished building target: LatencyTests.elf
 
make --no-print-directory post-build
Generating binary and Printing size information:
arm-none-eabi-objcopy -O binary "LatencyTests.elf" "LatencyTests.bin"
arm-none-eabi-size "LatencyTests.elf"
   text	   data	    bss	    dec	    hex	filename
   9224	     12	   1780	  11016	   2b08	LatencyTests.elf
 
00:36:53 **** Incremental Build of configuration Debug for project LatencyTests ****
make all 
Building file: ../Src/main.c
Invoking: MCU GCC Compiler
%cd%
arm-none-eabi-gcc -mcpu=cortex-m4 -mthumb -mfloat-abi=hard -mfpu=fpv4-sp-d16 '-D__weak=__attribute__((weak))' '-D__packed=__attribute__((__packed__))' -DUSE_HAL_DRIVER -DSTM32F446xx -I"D:/Users/Tyler/Documents/STM/Workspace/Latency Tests/LatencyTests/Inc" -I"D:/Users/Tyler/Documents/STM/Workspace/Latency Tests/LatencyTests/Drivers/STM32F4xx_HAL_Driver/Inc" -I"D:/Users/Tyler/Documents/STM/Workspace/Latency Tests/LatencyTests/Drivers/STM32F4xx_HAL_Driver/Inc/Legacy" -I"D:/Users/Tyler/Documents/STM/Workspace/Latency Tests/LatencyTests/Drivers/CMSIS/Device/ST/STM32F4xx/Include" -I"D:/Users/Tyler/Documents/STM/Workspace/Latency Tests/LatencyTests/Drivers/CMSIS/Include" -I"D:/Users/Tyler/Documents/STM/Workspace/Latency Tests/LatencyTests/Inc"  -Og -g3 -Wall -fmessage-length=0 -ffunction-sections -c -fmessage-length=0 -MMD -MP -MF"Src/main.d" -MT"Src/main.o" -o "Src/main.o" "../Src/main.c"
Finished building: ../Src/main.c
 
Building target: LatencyTests.elf
Invoking: MCU GCC Linker
arm-none-eabi-gcc -mcpu=cortex-m4 -mthumb -mfloat-abi=hard -mfpu=fpv4-sp-d16 -specs=nosys.specs -specs=nano.specs -T"../STM32F446ZETx_FLASH.ld" -Wl,-Map=output.map -Wl,--gc-sections -lm -o "LatencyTests.elf" @"objects.list"  
Finished building target: LatencyTests.elf
 
make --no-print-directory post-build
Generating binary and Printing size information:
arm-none-eabi-objcopy -O binary "LatencyTests.elf" "LatencyTests.bin"
arm-none-eabi-size "LatencyTests.elf"
   text	   data	    bss	    dec	    hex	filename
   8992	     12	   1780	  10784	   2a20	LatencyTests.elf
 
00:37:22 **** Incremental Build of configuration Debug for project LatencyTests ****
make all 
Building file: ../Src/main.c
Invoking: MCU GCC Compiler
%cd%
arm-none-eabi-gcc -mcpu=cortex-m4 -mthumb -mfloat-abi=hard -mfpu=fpv4-sp-d16 '-D__weak=__attribute__((weak))' '-D__packed=__attribute__((__packed__))' -DUSE_HAL_DRIVER -DSTM32F446xx -I"D:/Users/Tyler/Documents/STM/Workspace/Latency Tests/LatencyTests/Inc" -I"D:/Users/Tyler/Documents/STM/Workspace/Latency Tests/LatencyTests/Drivers/STM32F4xx_HAL_Driver/Inc" -I"D:/Users/Tyler/Documents/STM/Workspace/Latency Tests/LatencyTests/Drivers/STM32F4xx_HAL_Driver/Inc/Legacy" -I"D:/Users/Tyler/Documents/STM/Workspace/Latency Tests/LatencyTests/Drivers/CMSIS/Device/ST/STM32F4xx/Include" -I"D:/Users/Tyler/Documents/STM/Workspace/Latency Tests/LatencyTests/Drivers/CMSIS/Include" -I"D:/Users/Tyler/Documents/STM/Workspace/Latency Tests/LatencyTests/Inc"  -Og -g3 -Wall -fmessage-length=0 -ffunction-sections -c -fmessage-length=0 -MMD -MP -MF"Src/main.d" -MT"Src/main.o" -o "Src/main.o" "../Src/main.c"
Finished building: ../Src/main.c
 
Building target: LatencyTests.elf
Invoking: MCU GCC Linker
arm-none-eabi-gcc -mcpu=cortex-m4 -mthumb -mfloat-abi=hard -mfpu=fpv4-sp-d16 -specs=nosys.specs -specs=nano.specs -T"../STM32F446ZETx_FLASH.ld" -Wl,-Map=output.map -Wl,--gc-sections -lm -o "LatencyTests.elf" @"objects.list"  
Finished building target: LatencyTests.elf
 
make --no-print-directory post-build
Generating binary and Printing size information:
arm-none-eabi-objcopy -O binary "LatencyTests.elf" "LatencyTests.bin"
arm-none-eabi-size "LatencyTests.elf"
   text	   data	    bss	    dec	    hex	filename
   9216	     12	   1780	  11008	   2b00	LatencyTests.elf
 
00:37:40 **** Incremental Build of configuration Debug for project LatencyTests ****
make all 
Building file: ../Src/main.c
Invoking: MCU GCC Compiler
%cd%
arm-none-eabi-gcc -mcpu=cortex-m4 -mthumb -mfloat-abi=hard -mfpu=fpv4-sp-d16 '-D__weak=__attribute__((weak))' '-D__packed=__attribute__((__packed__))' -DUSE_HAL_DRIVER -DSTM32F446xx -I"D:/Users/Tyler/Documents/STM/Workspace/Latency Tests/LatencyTests/Inc" -I"D:/Users/Tyler/Documents/STM/Workspace/Latency Tests/LatencyTests/Drivers/STM32F4xx_HAL_Driver/Inc" -I"D:/Users/Tyler/Documents/STM/Workspace/Latency Tests/LatencyTests/Drivers/STM32F4xx_HAL_Driver/Inc/Legacy" -I"D:/Users/Tyler/Documents/STM/Workspace/Latency Tests/LatencyTests/Drivers/CMSIS/Device/ST/STM32F4xx/Include" -I"D:/Users/Tyler/Documents/STM/Workspace/Latency Tests/LatencyTests/Drivers/CMSIS/Include" -I"D:/Users/Tyler/Documents/STM/Workspace/Latency Tests/LatencyTests/Inc"  -Og -g3 -Wall -fmessage-length=0 -ffunction-sections -c -fmessage-length=0 -MMD -MP -MF"Src/main.d" -MT"Src/main.o" -o "Src/main.o" "../Src/main.c"
Finished building: ../Src/main.c
 
Building target: LatencyTests.elf
Invoking: MCU GCC Linker
arm-none-eabi-gcc -mcpu=cortex-m4 -mthumb -mfloat-abi=hard -mfpu=fpv4-sp-d16 -specs=nosys.specs -specs=nano.specs -T"../STM32F446ZETx_FLASH.ld" -Wl,-Map=output.map -Wl,--gc-sections -lm -o "LatencyTests.elf" @"objects.list"  
Finished building target: LatencyTests.elf
 
make --no-print-directory post-build
Generating binary and Printing size information:
arm-none-eabi-objcopy -O binary "LatencyTests.elf" "LatencyTests.bin"
arm-none-eabi-size "LatencyTests.elf"
   text	   data	    bss	    dec	    hex	filename
   9224	     12	   1780	  11016	   2b08	LatencyTests.elf
 
00:38:26 **** Incremental Build of configuration Debug for project LatencyTests ****
make all 
Building file: ../Src/main.c
Invoking: MCU GCC Compiler
%cd%
arm-none-eabi-gcc -mcpu=cortex-m4 -mthumb -mfloat-abi=hard -mfpu=fpv4-sp-d16 '-D__weak=__attribute__((weak))' '-D__packed=__attribute__((__packed__))' -DUSE_HAL_DRIVER -DSTM32F446xx -I"D:/Users/Tyler/Documents/STM/Workspace/Latency Tests/LatencyTests/Inc" -I"D:/Users/Tyler/Documents/STM/Workspace/Latency Tests/LatencyTests/Drivers/STM32F4xx_HAL_Driver/Inc" -I"D:/Users/Tyler/Documents/STM/Workspace/Latency Tests/LatencyTests/Drivers/STM32F4xx_HAL_Driver/Inc/Legacy" -I"D:/Users/Tyler/Documents/STM/Workspace/Latency Tests/LatencyTests/Drivers/CMSIS/Device/ST/STM32F4xx/Include" -I"D:/Users/Tyler/Documents/STM/Workspace/Latency Tests/LatencyTests/Drivers/CMSIS/Include" -I"D:/Users/Tyler/Documents/STM/Workspace/Latency Tests/LatencyTests/Inc"  -Og -g3 -Wall -fmessage-length=0 -ffunction-sections -c -fmessage-length=0 -MMD -MP -MF"Src/main.d" -MT"Src/main.o" -o "Src/main.o" "../Src/main.c"
Finished building: ../Src/main.c
 
Building target: LatencyTests.elf
Invoking: MCU GCC Linker
arm-none-eabi-gcc -mcpu=cortex-m4 -mthumb -mfloat-abi=hard -mfpu=fpv4-sp-d16 -specs=nosys.specs -specs=nano.specs -T"../STM32F446ZETx_FLASH.ld" -Wl,-Map=output.map -Wl,--gc-sections -lm -o "LatencyTests.elf" @"objects.list"  
Finished building target: LatencyTests.elf
 
make --no-print-directory post-build
Generating binary and Printing size information:
arm-none-eabi-objcopy -O binary "LatencyTests.elf" "LatencyTests.bin"
arm-none-eabi-size "LatencyTests.elf"
   text	   data	    bss	    dec	    hex	filename
   9224	     12	   1780	  11016	   2b08	LatencyTests.elf
 
00:39:28 **** Incremental Build of configuration Debug for project LatencyTests ****
make all 
Building file: ../Src/main.c
Invoking: MCU GCC Compiler
%cd%
arm-none-eabi-gcc -mcpu=cortex-m4 -mthumb -mfloat-abi=hard -mfpu=fpv4-sp-d16 '-D__weak=__attribute__((weak))' '-D__packed=__attribute__((__packed__))' -DUSE_HAL_DRIVER -DSTM32F446xx -I"D:/Users/Tyler/Documents/STM/Workspace/Latency Tests/LatencyTests/Inc" -I"D:/Users/Tyler/Documents/STM/Workspace/Latency Tests/LatencyTests/Drivers/STM32F4xx_HAL_Driver/Inc" -I"D:/Users/Tyler/Documents/STM/Workspace/Latency Tests/LatencyTests/Drivers/STM32F4xx_HAL_Driver/Inc/Legacy" -I"D:/Users/Tyler/Documents/STM/Workspace/Latency Tests/LatencyTests/Drivers/CMSIS/Device/ST/STM32F4xx/Include" -I"D:/Users/Tyler/Documents/STM/Workspace/Latency Tests/LatencyTests/Drivers/CMSIS/Include" -I"D:/Users/Tyler/Documents/STM/Workspace/Latency Tests/LatencyTests/Inc"  -Og -g3 -Wall -fmessage-length=0 -ffunction-sections -c -fmessage-length=0 -MMD -MP -MF"Src/main.d" -MT"Src/main.o" -o "Src/main.o" "../Src/main.c"
Finished building: ../Src/main.c
 
Building target: LatencyTests.elf
Invoking: MCU GCC Linker
arm-none-eabi-gcc -mcpu=cortex-m4 -mthumb -mfloat-abi=hard -mfpu=fpv4-sp-d16 -specs=nosys.specs -specs=nano.specs -T"../STM32F446ZETx_FLASH.ld" -Wl,-Map=output.map -Wl,--gc-sections -lm -o "LatencyTests.elf" @"objects.list"  
Finished building target: LatencyTests.elf
 
make --no-print-directory post-build
Generating binary and Printing size information:
arm-none-eabi-objcopy -O binary "LatencyTests.elf" "LatencyTests.bin"
arm-none-eabi-size "LatencyTests.elf"
   text	   data	    bss	    dec	    hex	filename
   9224	     12	   1780	  11016	   2b08	LatencyTests.elf
 
00:40:20 **** Incremental Build of configuration Debug for project LatencyTests ****
make all 
Building file: ../Src/main.c
Invoking: MCU GCC Compiler
%cd%
arm-none-eabi-gcc -mcpu=cortex-m4 -mthumb -mfloat-abi=hard -mfpu=fpv4-sp-d16 '-D__weak=__attribute__((weak))' '-D__packed=__attribute__((__packed__))' -DUSE_HAL_DRIVER -DSTM32F446xx -I"D:/Users/Tyler/Documents/STM/Workspace/Latency Tests/LatencyTests/Inc" -I"D:/Users/Tyler/Documents/STM/Workspace/Latency Tests/LatencyTests/Drivers/STM32F4xx_HAL_Driver/Inc" -I"D:/Users/Tyler/Documents/STM/Workspace/Latency Tests/LatencyTests/Drivers/STM32F4xx_HAL_Driver/Inc/Legacy" -I"D:/Users/Tyler/Documents/STM/Workspace/Latency Tests/LatencyTests/Drivers/CMSIS/Device/ST/STM32F4xx/Include" -I"D:/Users/Tyler/Documents/STM/Workspace/Latency Tests/LatencyTests/Drivers/CMSIS/Include" -I"D:/Users/Tyler/Documents/STM/Workspace/Latency Tests/LatencyTests/Inc"  -Og -g3 -Wall -fmessage-length=0 -ffunction-sections -c -fmessage-length=0 -MMD -MP -MF"Src/main.d" -MT"Src/main.o" -o "Src/main.o" "../Src/main.c"
../Src/main.c: In function 'main':
../Src/main.c:124:4: warning: implicit declaration of function 'Dynamixe_SetGoalTorque' [-Wimplicit-function-declaration]
    Dynamixe_SetGoalTorque(&Motor1, 100);
    ^
Finished building: ../Src/main.c
 
Building target: LatencyTests.elf
Invoking: MCU GCC Linker
arm-none-eabi-gcc -mcpu=cortex-m4 -mthumb -mfloat-abi=hard -mfpu=fpv4-sp-d16 -specs=nosys.specs -specs=nano.specs -T"../STM32F446ZETx_FLASH.ld" -Wl,-Map=output.map -Wl,--gc-sections -lm -o "LatencyTests.elf" @"objects.list"  
Src/main.o: In function `main':
D:\Users\Tyler\Documents\STM\Workspace\Latency Tests\LatencyTests\Debug/../Src/main.c:124: undefined reference to `Dynamixe_SetGoalTorque'
collect2.exe: error: ld returned 1 exit status
make: *** [LatencyTests.elf] Error 1
00:40:26 **** Incremental Build of configuration Debug for project LatencyTests ****
make all 
Building file: ../Src/main.c
Invoking: MCU GCC Compiler
%cd%
arm-none-eabi-gcc -mcpu=cortex-m4 -mthumb -mfloat-abi=hard -mfpu=fpv4-sp-d16 '-D__weak=__attribute__((weak))' '-D__packed=__attribute__((__packed__))' -DUSE_HAL_DRIVER -DSTM32F446xx -I"D:/Users/Tyler/Documents/STM/Workspace/Latency Tests/LatencyTests/Inc" -I"D:/Users/Tyler/Documents/STM/Workspace/Latency Tests/LatencyTests/Drivers/STM32F4xx_HAL_Driver/Inc" -I"D:/Users/Tyler/Documents/STM/Workspace/Latency Tests/LatencyTests/Drivers/STM32F4xx_HAL_Driver/Inc/Legacy" -I"D:/Users/Tyler/Documents/STM/Workspace/Latency Tests/LatencyTests/Drivers/CMSIS/Device/ST/STM32F4xx/Include" -I"D:/Users/Tyler/Documents/STM/Workspace/Latency Tests/LatencyTests/Drivers/CMSIS/Include" -I"D:/Users/Tyler/Documents/STM/Workspace/Latency Tests/LatencyTests/Inc"  -Og -g3 -Wall -fmessage-length=0 -ffunction-sections -c -fmessage-length=0 -MMD -MP -MF"Src/main.d" -MT"Src/main.o" -o "Src/main.o" "../Src/main.c"
Finished building: ../Src/main.c
 
Building target: LatencyTests.elf
Invoking: MCU GCC Linker
arm-none-eabi-gcc -mcpu=cortex-m4 -mthumb -mfloat-abi=hard -mfpu=fpv4-sp-d16 -specs=nosys.specs -specs=nano.specs -T"../STM32F446ZETx_FLASH.ld" -Wl,-Map=output.map -Wl,--gc-sections -lm -o "LatencyTests.elf" @"objects.list"  
Finished building target: LatencyTests.elf
 
make --no-print-directory post-build
Generating binary and Printing size information:
arm-none-eabi-objcopy -O binary "LatencyTests.elf" "LatencyTests.bin"
arm-none-eabi-size "LatencyTests.elf"
   text	   data	    bss	    dec	    hex	filename
   9248	     12	   1780	  11040	   2b20	LatencyTests.elf
 
00:51:01 **** Incremental Build of configuration Debug for project LatencyTests ****
make all 
Building file: ../Src/main.c
Invoking: MCU GCC Compiler
%cd%
arm-none-eabi-gcc -mcpu=cortex-m4 -mthumb -mfloat-abi=hard -mfpu=fpv4-sp-d16 '-D__weak=__attribute__((weak))' '-D__packed=__attribute__((__packed__))' -DUSE_HAL_DRIVER -DSTM32F446xx -I"D:/Users/Tyler/Documents/STM/Workspace/Latency Tests/LatencyTests/Inc" -I"D:/Users/Tyler/Documents/STM/Workspace/Latency Tests/LatencyTests/Drivers/STM32F4xx_HAL_Driver/Inc" -I"D:/Users/Tyler/Documents/STM/Workspace/Latency Tests/LatencyTests/Drivers/STM32F4xx_HAL_Driver/Inc/Legacy" -I"D:/Users/Tyler/Documents/STM/Workspace/Latency Tests/LatencyTests/Drivers/CMSIS/Device/ST/STM32F4xx/Include" -I"D:/Users/Tyler/Documents/STM/Workspace/Latency Tests/LatencyTests/Drivers/CMSIS/Include" -I"D:/Users/Tyler/Documents/STM/Workspace/Latency Tests/LatencyTests/Inc"  -Og -g3 -Wall -fmessage-length=0 -ffunction-sections -c -fmessage-length=0 -MMD -MP -MF"Src/main.d" -MT"Src/main.o" -o "Src/main.o" "../Src/main.c"
Finished building: ../Src/main.c
 
Building target: LatencyTests.elf
Invoking: MCU GCC Linker
arm-none-eabi-gcc -mcpu=cortex-m4 -mthumb -mfloat-abi=hard -mfpu=fpv4-sp-d16 -specs=nosys.specs -specs=nano.specs -T"../STM32F446ZETx_FLASH.ld" -Wl,-Map=output.map -Wl,--gc-sections -lm -o "LatencyTests.elf" @"objects.list"  
Finished building target: LatencyTests.elf
 
make --no-print-directory post-build
Generating binary and Printing size information:
arm-none-eabi-objcopy -O binary "LatencyTests.elf" "LatencyTests.bin"
arm-none-eabi-size "LatencyTests.elf"
   text	   data	    bss	    dec	    hex	filename
   8984	     12	   1780	  10776	   2a18	LatencyTests.elf
 
00:57:07 **** Incremental Build of configuration Debug for project LatencyTests ****
make all 
Building file: ../Src/main.c
Invoking: MCU GCC Compiler
%cd%
arm-none-eabi-gcc -mcpu=cortex-m4 -mthumb -mfloat-abi=hard -mfpu=fpv4-sp-d16 '-D__weak=__attribute__((weak))' '-D__packed=__attribute__((__packed__))' -DUSE_HAL_DRIVER -DSTM32F446xx -I"D:/Users/Tyler/Documents/STM/Workspace/Latency Tests/LatencyTests/Inc" -I"D:/Users/Tyler/Documents/STM/Workspace/Latency Tests/LatencyTests/Drivers/STM32F4xx_HAL_Driver/Inc" -I"D:/Users/Tyler/Documents/STM/Workspace/Latency Tests/LatencyTests/Drivers/STM32F4xx_HAL_Driver/Inc/Legacy" -I"D:/Users/Tyler/Documents/STM/Workspace/Latency Tests/LatencyTests/Drivers/CMSIS/Device/ST/STM32F4xx/Include" -I"D:/Users/Tyler/Documents/STM/Workspace/Latency Tests/LatencyTests/Drivers/CMSIS/Include" -I"D:/Users/Tyler/Documents/STM/Workspace/Latency Tests/LatencyTests/Inc"  -Og -g3 -Wall -fmessage-length=0 -ffunction-sections -c -fmessage-length=0 -MMD -MP -MF"Src/main.d" -MT"Src/main.o" -o "Src/main.o" "../Src/main.c"
Finished building: ../Src/main.c
 
Building target: LatencyTests.elf
Invoking: MCU GCC Linker
arm-none-eabi-gcc -mcpu=cortex-m4 -mthumb -mfloat-abi=hard -mfpu=fpv4-sp-d16 -specs=nosys.specs -specs=nano.specs -T"../STM32F446ZETx_FLASH.ld" -Wl,-Map=output.map -Wl,--gc-sections -lm -o "LatencyTests.elf" @"objects.list"  
Finished building target: LatencyTests.elf
 
make --no-print-directory post-build
Generating binary and Printing size information:
arm-none-eabi-objcopy -O binary "LatencyTests.elf" "LatencyTests.bin"
arm-none-eabi-size "LatencyTests.elf"
   text	   data	    bss	    dec	    hex	filename
   9024	     12	   1780	  10816	   2a40	LatencyTests.elf
 
00:57:34 **** Incremental Build of configuration Debug for project LatencyTests ****
make all 
Building file: ../Src/main.c
Invoking: MCU GCC Compiler
%cd%
arm-none-eabi-gcc -mcpu=cortex-m4 -mthumb -mfloat-abi=hard -mfpu=fpv4-sp-d16 '-D__weak=__attribute__((weak))' '-D__packed=__attribute__((__packed__))' -DUSE_HAL_DRIVER -DSTM32F446xx -I"D:/Users/Tyler/Documents/STM/Workspace/Latency Tests/LatencyTests/Inc" -I"D:/Users/Tyler/Documents/STM/Workspace/Latency Tests/LatencyTests/Drivers/STM32F4xx_HAL_Driver/Inc" -I"D:/Users/Tyler/Documents/STM/Workspace/Latency Tests/LatencyTests/Drivers/STM32F4xx_HAL_Driver/Inc/Legacy" -I"D:/Users/Tyler/Documents/STM/Workspace/Latency Tests/LatencyTests/Drivers/CMSIS/Device/ST/STM32F4xx/Include" -I"D:/Users/Tyler/Documents/STM/Workspace/Latency Tests/LatencyTests/Drivers/CMSIS/Include" -I"D:/Users/Tyler/Documents/STM/Workspace/Latency Tests/LatencyTests/Inc"  -Og -g3 -Wall -fmessage-length=0 -ffunction-sections -c -fmessage-length=0 -MMD -MP -MF"Src/main.d" -MT"Src/main.o" -o "Src/main.o" "../Src/main.c"
Finished building: ../Src/main.c
 
Building target: LatencyTests.elf
Invoking: MCU GCC Linker
arm-none-eabi-gcc -mcpu=cortex-m4 -mthumb -mfloat-abi=hard -mfpu=fpv4-sp-d16 -specs=nosys.specs -specs=nano.specs -T"../STM32F446ZETx_FLASH.ld" -Wl,-Map=output.map -Wl,--gc-sections -lm -o "LatencyTests.elf" @"objects.list"  
Finished building target: LatencyTests.elf
 
make --no-print-directory post-build
Generating binary and Printing size information:
arm-none-eabi-objcopy -O binary "LatencyTests.elf" "LatencyTests.bin"
arm-none-eabi-size "LatencyTests.elf"
   text	   data	    bss	    dec	    hex	filename
   9024	     12	   1780	  10816	   2a40	LatencyTests.elf
 
00:58:00 **** Incremental Build of configuration Debug for project LatencyTests ****
make all 
Building file: ../Src/main.c
Invoking: MCU GCC Compiler
%cd%
arm-none-eabi-gcc -mcpu=cortex-m4 -mthumb -mfloat-abi=hard -mfpu=fpv4-sp-d16 '-D__weak=__attribute__((weak))' '-D__packed=__attribute__((__packed__))' -DUSE_HAL_DRIVER -DSTM32F446xx -I"D:/Users/Tyler/Documents/STM/Workspace/Latency Tests/LatencyTests/Inc" -I"D:/Users/Tyler/Documents/STM/Workspace/Latency Tests/LatencyTests/Drivers/STM32F4xx_HAL_Driver/Inc" -I"D:/Users/Tyler/Documents/STM/Workspace/Latency Tests/LatencyTests/Drivers/STM32F4xx_HAL_Driver/Inc/Legacy" -I"D:/Users/Tyler/Documents/STM/Workspace/Latency Tests/LatencyTests/Drivers/CMSIS/Device/ST/STM32F4xx/Include" -I"D:/Users/Tyler/Documents/STM/Workspace/Latency Tests/LatencyTests/Drivers/CMSIS/Include" -I"D:/Users/Tyler/Documents/STM/Workspace/Latency Tests/LatencyTests/Inc"  -Og -g3 -Wall -fmessage-length=0 -ffunction-sections -c -fmessage-length=0 -MMD -MP -MF"Src/main.d" -MT"Src/main.o" -o "Src/main.o" "../Src/main.c"
Finished building: ../Src/main.c
 
Building target: LatencyTests.elf
Invoking: MCU GCC Linker
arm-none-eabi-gcc -mcpu=cortex-m4 -mthumb -mfloat-abi=hard -mfpu=fpv4-sp-d16 -specs=nosys.specs -specs=nano.specs -T"../STM32F446ZETx_FLASH.ld" -Wl,-Map=output.map -Wl,--gc-sections -lm -o "LatencyTests.elf" @"objects.list"  
Finished building target: LatencyTests.elf
 
make --no-print-directory post-build
Generating binary and Printing size information:
arm-none-eabi-objcopy -O binary "LatencyTests.elf" "LatencyTests.bin"
arm-none-eabi-size "LatencyTests.elf"
   text	   data	    bss	    dec	    hex	filename
   8984	     12	   1780	  10776	   2a18	LatencyTests.elf
 
01:00:14 **** Incremental Build of configuration Debug for project LatencyTests ****
make all 
Building file: ../Src/main.c
Invoking: MCU GCC Compiler
%cd%
arm-none-eabi-gcc -mcpu=cortex-m4 -mthumb -mfloat-abi=hard -mfpu=fpv4-sp-d16 '-D__weak=__attribute__((weak))' '-D__packed=__attribute__((__packed__))' -DUSE_HAL_DRIVER -DSTM32F446xx -I"D:/Users/Tyler/Documents/STM/Workspace/Latency Tests/LatencyTests/Inc" -I"D:/Users/Tyler/Documents/STM/Workspace/Latency Tests/LatencyTests/Drivers/STM32F4xx_HAL_Driver/Inc" -I"D:/Users/Tyler/Documents/STM/Workspace/Latency Tests/LatencyTests/Drivers/STM32F4xx_HAL_Driver/Inc/Legacy" -I"D:/Users/Tyler/Documents/STM/Workspace/Latency Tests/LatencyTests/Drivers/CMSIS/Device/ST/STM32F4xx/Include" -I"D:/Users/Tyler/Documents/STM/Workspace/Latency Tests/LatencyTests/Drivers/CMSIS/Include" -I"D:/Users/Tyler/Documents/STM/Workspace/Latency Tests/LatencyTests/Inc"  -Og -g3 -Wall -fmessage-length=0 -ffunction-sections -c -fmessage-length=0 -MMD -MP -MF"Src/main.d" -MT"Src/main.o" -o "Src/main.o" "../Src/main.c"
Finished building: ../Src/main.c
 
Building target: LatencyTests.elf
Invoking: MCU GCC Linker
arm-none-eabi-gcc -mcpu=cortex-m4 -mthumb -mfloat-abi=hard -mfpu=fpv4-sp-d16 -specs=nosys.specs -specs=nano.specs -T"../STM32F446ZETx_FLASH.ld" -Wl,-Map=output.map -Wl,--gc-sections -lm -o "LatencyTests.elf" @"objects.list"  
Finished building target: LatencyTests.elf
 
make --no-print-directory post-build
Generating binary and Printing size information:
arm-none-eabi-objcopy -O binary "LatencyTests.elf" "LatencyTests.bin"
arm-none-eabi-size "LatencyTests.elf"
   text	   data	    bss	    dec	    hex	filename
   9008	     12	   1780	  10800	   2a30	LatencyTests.elf
 
01:00:43 **** Incremental Build of configuration Debug for project LatencyTests ****
make all 
Building file: ../Src/main.c
Invoking: MCU GCC Compiler
%cd%
arm-none-eabi-gcc -mcpu=cortex-m4 -mthumb -mfloat-abi=hard -mfpu=fpv4-sp-d16 '-D__weak=__attribute__((weak))' '-D__packed=__attribute__((__packed__))' -DUSE_HAL_DRIVER -DSTM32F446xx -I"D:/Users/Tyler/Documents/STM/Workspace/Latency Tests/LatencyTests/Inc" -I"D:/Users/Tyler/Documents/STM/Workspace/Latency Tests/LatencyTests/Drivers/STM32F4xx_HAL_Driver/Inc" -I"D:/Users/Tyler/Documents/STM/Workspace/Latency Tests/LatencyTests/Drivers/STM32F4xx_HAL_Driver/Inc/Legacy" -I"D:/Users/Tyler/Documents/STM/Workspace/Latency Tests/LatencyTests/Drivers/CMSIS/Device/ST/STM32F4xx/Include" -I"D:/Users/Tyler/Documents/STM/Workspace/Latency Tests/LatencyTests/Drivers/CMSIS/Include" -I"D:/Users/Tyler/Documents/STM/Workspace/Latency Tests/LatencyTests/Inc"  -Og -g3 -Wall -fmessage-length=0 -ffunction-sections -c -fmessage-length=0 -MMD -MP -MF"Src/main.d" -MT"Src/main.o" -o "Src/main.o" "../Src/main.c"
Finished building: ../Src/main.c
 
Building target: LatencyTests.elf
Invoking: MCU GCC Linker
arm-none-eabi-gcc -mcpu=cortex-m4 -mthumb -mfloat-abi=hard -mfpu=fpv4-sp-d16 -specs=nosys.specs -specs=nano.specs -T"../STM32F446ZETx_FLASH.ld" -Wl,-Map=output.map -Wl,--gc-sections -lm -o "LatencyTests.elf" @"objects.list"  
Finished building target: LatencyTests.elf
 
make --no-print-directory post-build
Generating binary and Printing size information:
arm-none-eabi-objcopy -O binary "LatencyTests.elf" "LatencyTests.bin"
arm-none-eabi-size "LatencyTests.elf"
   text	   data	    bss	    dec	    hex	filename
   9272	     12	   1780	  11064	   2b38	LatencyTests.elf
 
01:03:46 **** Incremental Build of configuration Debug for project LatencyTests ****
make all 
Building file: ../Src/main.c
Invoking: MCU GCC Compiler
%cd%
arm-none-eabi-gcc -mcpu=cortex-m4 -mthumb -mfloat-abi=hard -mfpu=fpv4-sp-d16 '-D__weak=__attribute__((weak))' '-D__packed=__attribute__((__packed__))' -DUSE_HAL_DRIVER -DSTM32F446xx -I"D:/Users/Tyler/Documents/STM/Workspace/Latency Tests/LatencyTests/Inc" -I"D:/Users/Tyler/Documents/STM/Workspace/Latency Tests/LatencyTests/Drivers/STM32F4xx_HAL_Driver/Inc" -I"D:/Users/Tyler/Documents/STM/Workspace/Latency Tests/LatencyTests/Drivers/STM32F4xx_HAL_Driver/Inc/Legacy" -I"D:/Users/Tyler/Documents/STM/Workspace/Latency Tests/LatencyTests/Drivers/CMSIS/Device/ST/STM32F4xx/Include" -I"D:/Users/Tyler/Documents/STM/Workspace/Latency Tests/LatencyTests/Drivers/CMSIS/Include" -I"D:/Users/Tyler/Documents/STM/Workspace/Latency Tests/LatencyTests/Inc"  -Og -g3 -Wall -fmessage-length=0 -ffunction-sections -c -fmessage-length=0 -MMD -MP -MF"Src/main.d" -MT"Src/main.o" -o "Src/main.o" "../Src/main.c"
Finished building: ../Src/main.c
 
Building target: LatencyTests.elf
Invoking: MCU GCC Linker
arm-none-eabi-gcc -mcpu=cortex-m4 -mthumb -mfloat-abi=hard -mfpu=fpv4-sp-d16 -specs=nosys.specs -specs=nano.specs -T"../STM32F446ZETx_FLASH.ld" -Wl,-Map=output.map -Wl,--gc-sections -lm -o "LatencyTests.elf" @"objects.list"  
Finished building target: LatencyTests.elf
 
make --no-print-directory post-build
Generating binary and Printing size information:
arm-none-eabi-objcopy -O binary "LatencyTests.elf" "LatencyTests.bin"
arm-none-eabi-size "LatencyTests.elf"
   text	   data	    bss	    dec	    hex	filename
   9296	     12	   1780	  11088	   2b50	LatencyTests.elf
 
01:04:35 **** Incremental Build of configuration Debug for project LatencyTests ****
make all 
Building file: ../Src/main.c
Invoking: MCU GCC Compiler
%cd%
arm-none-eabi-gcc -mcpu=cortex-m4 -mthumb -mfloat-abi=hard -mfpu=fpv4-sp-d16 '-D__weak=__attribute__((weak))' '-D__packed=__attribute__((__packed__))' -DUSE_HAL_DRIVER -DSTM32F446xx -I"D:/Users/Tyler/Documents/STM/Workspace/Latency Tests/LatencyTests/Inc" -I"D:/Users/Tyler/Documents/STM/Workspace/Latency Tests/LatencyTests/Drivers/STM32F4xx_HAL_Driver/Inc" -I"D:/Users/Tyler/Documents/STM/Workspace/Latency Tests/LatencyTests/Drivers/STM32F4xx_HAL_Driver/Inc/Legacy" -I"D:/Users/Tyler/Documents/STM/Workspace/Latency Tests/LatencyTests/Drivers/CMSIS/Device/ST/STM32F4xx/Include" -I"D:/Users/Tyler/Documents/STM/Workspace/Latency Tests/LatencyTests/Drivers/CMSIS/Include" -I"D:/Users/Tyler/Documents/STM/Workspace/Latency Tests/LatencyTests/Inc"  -Og -g3 -Wall -fmessage-length=0 -ffunction-sections -c -fmessage-length=0 -MMD -MP -MF"Src/main.d" -MT"Src/main.o" -o "Src/main.o" "../Src/main.c"
Finished building: ../Src/main.c
 
Building target: LatencyTests.elf
Invoking: MCU GCC Linker
arm-none-eabi-gcc -mcpu=cortex-m4 -mthumb -mfloat-abi=hard -mfpu=fpv4-sp-d16 -specs=nosys.specs -specs=nano.specs -T"../STM32F446ZETx_FLASH.ld" -Wl,-Map=output.map -Wl,--gc-sections -lm -o "LatencyTests.elf" @"objects.list"  
Finished building target: LatencyTests.elf
 
make --no-print-directory post-build
Generating binary and Printing size information:
arm-none-eabi-objcopy -O binary "LatencyTests.elf" "LatencyTests.bin"
arm-none-eabi-size "LatencyTests.elf"
   text	   data	    bss	    dec	    hex	filename
   9304	     12	   1780	  11096	   2b58	LatencyTests.elf
 
01:05:09 **** Incremental Build of configuration Debug for project LatencyTests ****
make all 
Building file: ../Src/main.c
Invoking: MCU GCC Compiler
%cd%
arm-none-eabi-gcc -mcpu=cortex-m4 -mthumb -mfloat-abi=hard -mfpu=fpv4-sp-d16 '-D__weak=__attribute__((weak))' '-D__packed=__attribute__((__packed__))' -DUSE_HAL_DRIVER -DSTM32F446xx -I"D:/Users/Tyler/Documents/STM/Workspace/Latency Tests/LatencyTests/Inc" -I"D:/Users/Tyler/Documents/STM/Workspace/Latency Tests/LatencyTests/Drivers/STM32F4xx_HAL_Driver/Inc" -I"D:/Users/Tyler/Documents/STM/Workspace/Latency Tests/LatencyTests/Drivers/STM32F4xx_HAL_Driver/Inc/Legacy" -I"D:/Users/Tyler/Documents/STM/Workspace/Latency Tests/LatencyTests/Drivers/CMSIS/Device/ST/STM32F4xx/Include" -I"D:/Users/Tyler/Documents/STM/Workspace/Latency Tests/LatencyTests/Drivers/CMSIS/Include" -I"D:/Users/Tyler/Documents/STM/Workspace/Latency Tests/LatencyTests/Inc"  -Og -g3 -Wall -fmessage-length=0 -ffunction-sections -c -fmessage-length=0 -MMD -MP -MF"Src/main.d" -MT"Src/main.o" -o "Src/main.o" "../Src/main.c"
Finished building: ../Src/main.c
 
Building target: LatencyTests.elf
Invoking: MCU GCC Linker
arm-none-eabi-gcc -mcpu=cortex-m4 -mthumb -mfloat-abi=hard -mfpu=fpv4-sp-d16 -specs=nosys.specs -specs=nano.specs -T"../STM32F446ZETx_FLASH.ld" -Wl,-Map=output.map -Wl,--gc-sections -lm -o "LatencyTests.elf" @"objects.list"  
Finished building target: LatencyTests.elf
 
make --no-print-directory post-build
Generating binary and Printing size information:
arm-none-eabi-objcopy -O binary "LatencyTests.elf" "LatencyTests.bin"
arm-none-eabi-size "LatencyTests.elf"
   text	   data	    bss	    dec	    hex	filename
   9256	     12	   1780	  11048	   2b28	LatencyTests.elf
 
01:05:36 **** Incremental Build of configuration Debug for project LatencyTests ****
make all 
Building file: ../Src/main.c
Invoking: MCU GCC Compiler
%cd%
arm-none-eabi-gcc -mcpu=cortex-m4 -mthumb -mfloat-abi=hard -mfpu=fpv4-sp-d16 '-D__weak=__attribute__((weak))' '-D__packed=__attribute__((__packed__))' -DUSE_HAL_DRIVER -DSTM32F446xx -I"D:/Users/Tyler/Documents/STM/Workspace/Latency Tests/LatencyTests/Inc" -I"D:/Users/Tyler/Documents/STM/Workspace/Latency Tests/LatencyTests/Drivers/STM32F4xx_HAL_Driver/Inc" -I"D:/Users/Tyler/Documents/STM/Workspace/Latency Tests/LatencyTests/Drivers/STM32F4xx_HAL_Driver/Inc/Legacy" -I"D:/Users/Tyler/Documents/STM/Workspace/Latency Tests/LatencyTests/Drivers/CMSIS/Device/ST/STM32F4xx/Include" -I"D:/Users/Tyler/Documents/STM/Workspace/Latency Tests/LatencyTests/Drivers/CMSIS/Include" -I"D:/Users/Tyler/Documents/STM/Workspace/Latency Tests/LatencyTests/Inc"  -Og -g3 -Wall -fmessage-length=0 -ffunction-sections -c -fmessage-length=0 -MMD -MP -MF"Src/main.d" -MT"Src/main.o" -o "Src/main.o" "../Src/main.c"
Finished building: ../Src/main.c
 
Building target: LatencyTests.elf
Invoking: MCU GCC Linker
arm-none-eabi-gcc -mcpu=cortex-m4 -mthumb -mfloat-abi=hard -mfpu=fpv4-sp-d16 -specs=nosys.specs -specs=nano.specs -T"../STM32F446ZETx_FLASH.ld" -Wl,-Map=output.map -Wl,--gc-sections -lm -o "LatencyTests.elf" @"objects.list"  
Finished building target: LatencyTests.elf
 
make --no-print-directory post-build
Generating binary and Printing size information:
arm-none-eabi-objcopy -O binary "LatencyTests.elf" "LatencyTests.bin"
arm-none-eabi-size "LatencyTests.elf"
   text	   data	    bss	    dec	    hex	filename
   9300	     12	   1780	  11092	   2b54	LatencyTests.elf
 
01:09:09 **** Incremental Build of configuration Debug for project LatencyTests ****
make all 
Building file: ../Src/main.c
Invoking: MCU GCC Compiler
%cd%
arm-none-eabi-gcc -mcpu=cortex-m4 -mthumb -mfloat-abi=hard -mfpu=fpv4-sp-d16 '-D__weak=__attribute__((weak))' '-D__packed=__attribute__((__packed__))' -DUSE_HAL_DRIVER -DSTM32F446xx -I"D:/Users/Tyler/Documents/STM/Workspace/Latency Tests/LatencyTests/Inc" -I"D:/Users/Tyler/Documents/STM/Workspace/Latency Tests/LatencyTests/Drivers/STM32F4xx_HAL_Driver/Inc" -I"D:/Users/Tyler/Documents/STM/Workspace/Latency Tests/LatencyTests/Drivers/STM32F4xx_HAL_Driver/Inc/Legacy" -I"D:/Users/Tyler/Documents/STM/Workspace/Latency Tests/LatencyTests/Drivers/CMSIS/Device/ST/STM32F4xx/Include" -I"D:/Users/Tyler/Documents/STM/Workspace/Latency Tests/LatencyTests/Drivers/CMSIS/Include" -I"D:/Users/Tyler/Documents/STM/Workspace/Latency Tests/LatencyTests/Inc"  -Og -g3 -Wall -fmessage-length=0 -ffunction-sections -c -fmessage-length=0 -MMD -MP -MF"Src/main.d" -MT"Src/main.o" -o "Src/main.o" "../Src/main.c"
Finished building: ../Src/main.c
 
Building target: LatencyTests.elf
Invoking: MCU GCC Linker
arm-none-eabi-gcc -mcpu=cortex-m4 -mthumb -mfloat-abi=hard -mfpu=fpv4-sp-d16 -specs=nosys.specs -specs=nano.specs -T"../STM32F446ZETx_FLASH.ld" -Wl,-Map=output.map -Wl,--gc-sections -lm -o "LatencyTests.elf" @"objects.list"  
Finished building target: LatencyTests.elf
 
make --no-print-directory post-build
Generating binary and Printing size information:
arm-none-eabi-objcopy -O binary "LatencyTests.elf" "LatencyTests.bin"
arm-none-eabi-size "LatencyTests.elf"
   text	   data	    bss	    dec	    hex	filename
   9296	     12	   1780	  11088	   2b50	LatencyTests.elf
 
