15:34:33 **** Incremental Build of configuration Debug for project Walking ****
make all 
Building file: ../startup/startup_stm32f446xx.s
Invoking: MCU GCC Assembler
%cd%
arm-none-eabi-as -mcpu=cortex-m4 -mthumb -mfloat-abi=hard -mfpu=fpv4-sp-d16 -g -o "startup/startup_stm32f446xx.o" "../startup/startup_stm32f446xx.s"
Finished building: ../startup/startup_stm32f446xx.s
 
Building file: ../Src/main.c
Invoking: MCU GCC Compiler
%cd%
arm-none-eabi-gcc -mcpu=cortex-m4 -mthumb -mfloat-abi=hard -mfpu=fpv4-sp-d16 '-D__weak=__attribute__((weak))' '-D__packed=__attribute__((__packed__))' -DUSE_HAL_DRIVER -DSTM32F446xx -I"D:/Users/Tyler/Documents/STM/Workspace/Walking/Walking/Inc" -I"D:/Users/Tyler/Documents/STM/Workspace/Walking/Walking/Drivers/STM32F4xx_HAL_Driver/Inc" -I"D:/Users/Tyler/Documents/STM/Workspace/Walking/Walking/Drivers/STM32F4xx_HAL_Driver/Inc/Legacy" -I"D:/Users/Tyler/Documents/STM/Workspace/Walking/Walking/Drivers/CMSIS/Device/ST/STM32F4xx/Include" -I"D:/Users/Tyler/Documents/STM/Workspace/Walking/Walking/Drivers/CMSIS/Include"  -Og -g3 -Wall -fmessage-length=0 -ffunction-sections -c -fmessage-length=0 -MMD -MP -MF"Src/main.d" -MT"Src/main.o" -o "Src/main.o" "../Src/main.c"
Finished building: ../Src/main.c
 
Building file: ../Src/stm32f4xx_hal_msp.c
Invoking: MCU GCC Compiler
%cd%
arm-none-eabi-gcc -mcpu=cortex-m4 -mthumb -mfloat-abi=hard -mfpu=fpv4-sp-d16 '-D__weak=__attribute__((weak))' '-D__packed=__attribute__((__packed__))' -DUSE_HAL_DRIVER -DSTM32F446xx -I"D:/Users/Tyler/Documents/STM/Workspace/Walking/Walking/Inc" -I"D:/Users/Tyler/Documents/STM/Workspace/Walking/Walking/Drivers/STM32F4xx_HAL_Driver/Inc" -I"D:/Users/Tyler/Documents/STM/Workspace/Walking/Walking/Drivers/STM32F4xx_HAL_Driver/Inc/Legacy" -I"D:/Users/Tyler/Documents/STM/Workspace/Walking/Walking/Drivers/CMSIS/Device/ST/STM32F4xx/Include" -I"D:/Users/Tyler/Documents/STM/Workspace/Walking/Walking/Drivers/CMSIS/Include"  -Og -g3 -Wall -fmessage-length=0 -ffunction-sections -c -fmessage-length=0 -MMD -MP -MF"Src/stm32f4xx_hal_msp.d" -MT"Src/stm32f4xx_hal_msp.o" -o "Src/stm32f4xx_hal_msp.o" "../Src/stm32f4xx_hal_msp.c"
Finished building: ../Src/stm32f4xx_hal_msp.c
 
Building file: ../Src/stm32f4xx_it.c
Invoking: MCU GCC Compiler
%cd%
arm-none-eabi-gcc -mcpu=cortex-m4 -mthumb -mfloat-abi=hard -mfpu=fpv4-sp-d16 '-D__weak=__attribute__((weak))' '-D__packed=__attribute__((__packed__))' -DUSE_HAL_DRIVER -DSTM32F446xx -I"D:/Users/Tyler/Documents/STM/Workspace/Walking/Walking/Inc" -I"D:/Users/Tyler/Documents/STM/Workspace/Walking/Walking/Drivers/STM32F4xx_HAL_Driver/Inc" -I"D:/Users/Tyler/Documents/STM/Workspace/Walking/Walking/Drivers/STM32F4xx_HAL_Driver/Inc/Legacy" -I"D:/Users/Tyler/Documents/STM/Workspace/Walking/Walking/Drivers/CMSIS/Device/ST/STM32F4xx/Include" -I"D:/Users/Tyler/Documents/STM/Workspace/Walking/Walking/Drivers/CMSIS/Include"  -Og -g3 -Wall -fmessage-length=0 -ffunction-sections -c -fmessage-length=0 -MMD -MP -MF"Src/stm32f4xx_it.d" -MT"Src/stm32f4xx_it.o" -o "Src/stm32f4xx_it.o" "../Src/stm32f4xx_it.c"
Finished building: ../Src/stm32f4xx_it.c
 
Building file: ../Src/system_stm32f4xx.c
Invoking: MCU GCC Compiler
%cd%
arm-none-eabi-gcc -mcpu=cortex-m4 -mthumb -mfloat-abi=hard -mfpu=fpv4-sp-d16 '-D__weak=__attribute__((weak))' '-D__packed=__attribute__((__packed__))' -DUSE_HAL_DRIVER -DSTM32F446xx -I"D:/Users/Tyler/Documents/STM/Workspace/Walking/Walking/Inc" -I"D:/Users/Tyler/Documents/STM/Workspace/Walking/Walking/Drivers/STM32F4xx_HAL_Driver/Inc" -I"D:/Users/Tyler/Documents/STM/Workspace/Walking/Walking/Drivers/STM32F4xx_HAL_Driver/Inc/Legacy" -I"D:/Users/Tyler/Documents/STM/Workspace/Walking/Walking/Drivers/CMSIS/Device/ST/STM32F4xx/Include" -I"D:/Users/Tyler/Documents/STM/Workspace/Walking/Walking/Drivers/CMSIS/Include"  -Og -g3 -Wall -fmessage-length=0 -ffunction-sections -c -fmessage-length=0 -MMD -MP -MF"Src/system_stm32f4xx.d" -MT"Src/system_stm32f4xx.o" -o "Src/system_stm32f4xx.o" "../Src/system_stm32f4xx.c"
Finished building: ../Src/system_stm32f4xx.c
 
Building file: ../Drivers/STM32F4xx_HAL_Driver/Src/stm32f4xx_hal.c
Invoking: MCU GCC Compiler
%cd%
arm-none-eabi-gcc -mcpu=cortex-m4 -mthumb -mfloat-abi=hard -mfpu=fpv4-sp-d16 '-D__weak=__attribute__((weak))' '-D__packed=__attribute__((__packed__))' -DUSE_HAL_DRIVER -DSTM32F446xx -I"D:/Users/Tyler/Documents/STM/Workspace/Walking/Walking/Inc" -I"D:/Users/Tyler/Documents/STM/Workspace/Walking/Walking/Drivers/STM32F4xx_HAL_Driver/Inc" -I"D:/Users/Tyler/Documents/STM/Workspace/Walking/Walking/Drivers/STM32F4xx_HAL_Driver/Inc/Legacy" -I"D:/Users/Tyler/Documents/STM/Workspace/Walking/Walking/Drivers/CMSIS/Device/ST/STM32F4xx/Include" -I"D:/Users/Tyler/Documents/STM/Workspace/Walking/Walking/Drivers/CMSIS/Include"  -Og -g3 -Wall -fmessage-length=0 -ffunction-sections -c -fmessage-length=0 -MMD -MP -MF"Drivers/STM32F4xx_HAL_Driver/Src/stm32f4xx_hal.d" -MT"Drivers/STM32F4xx_HAL_Driver/Src/stm32f4xx_hal.o" -o "Drivers/STM32F4xx_HAL_Driver/Src/stm32f4xx_hal.o" "../Drivers/STM32F4xx_HAL_Driver/Src/stm32f4xx_hal.c"
Finished building: ../Drivers/STM32F4xx_HAL_Driver/Src/stm32f4xx_hal.c
 
Building file: ../Drivers/STM32F4xx_HAL_Driver/Src/stm32f4xx_hal_cortex.c
Invoking: MCU GCC Compiler
%cd%
arm-none-eabi-gcc -mcpu=cortex-m4 -mthumb -mfloat-abi=hard -mfpu=fpv4-sp-d16 '-D__weak=__attribute__((weak))' '-D__packed=__attribute__((__packed__))' -DUSE_HAL_DRIVER -DSTM32F446xx -I"D:/Users/Tyler/Documents/STM/Workspace/Walking/Walking/Inc" -I"D:/Users/Tyler/Documents/STM/Workspace/Walking/Walking/Drivers/STM32F4xx_HAL_Driver/Inc" -I"D:/Users/Tyler/Documents/STM/Workspace/Walking/Walking/Drivers/STM32F4xx_HAL_Driver/Inc/Legacy" -I"D:/Users/Tyler/Documents/STM/Workspace/Walking/Walking/Drivers/CMSIS/Device/ST/STM32F4xx/Include" -I"D:/Users/Tyler/Documents/STM/Workspace/Walking/Walking/Drivers/CMSIS/Include"  -Og -g3 -Wall -fmessage-length=0 -ffunction-sections -c -fmessage-length=0 -MMD -MP -MF"Drivers/STM32F4xx_HAL_Driver/Src/stm32f4xx_hal_cortex.d" -MT"Drivers/STM32F4xx_HAL_Driver/Src/stm32f4xx_hal_cortex.o" -o "Drivers/STM32F4xx_HAL_Driver/Src/stm32f4xx_hal_cortex.o" "../Drivers/STM32F4xx_HAL_Driver/Src/stm32f4xx_hal_cortex.c"
Finished building: ../Drivers/STM32F4xx_HAL_Driver/Src/stm32f4xx_hal_cortex.c
 
Building file: ../Drivers/STM32F4xx_HAL_Driver/Src/stm32f4xx_hal_dma.c
Invoking: MCU GCC Compiler
%cd%
arm-none-eabi-gcc -mcpu=cortex-m4 -mthumb -mfloat-abi=hard -mfpu=fpv4-sp-d16 '-D__weak=__attribute__((weak))' '-D__packed=__attribute__((__packed__))' -DUSE_HAL_DRIVER -DSTM32F446xx -I"D:/Users/Tyler/Documents/STM/Workspace/Walking/Walking/Inc" -I"D:/Users/Tyler/Documents/STM/Workspace/Walking/Walking/Drivers/STM32F4xx_HAL_Driver/Inc" -I"D:/Users/Tyler/Documents/STM/Workspace/Walking/Walking/Drivers/STM32F4xx_HAL_Driver/Inc/Legacy" -I"D:/Users/Tyler/Documents/STM/Workspace/Walking/Walking/Drivers/CMSIS/Device/ST/STM32F4xx/Include" -I"D:/Users/Tyler/Documents/STM/Workspace/Walking/Walking/Drivers/CMSIS/Include"  -Og -g3 -Wall -fmessage-length=0 -ffunction-sections -c -fmessage-length=0 -MMD -MP -MF"Drivers/STM32F4xx_HAL_Driver/Src/stm32f4xx_hal_dma.d" -MT"Drivers/STM32F4xx_HAL_Driver/Src/stm32f4xx_hal_dma.o" -o "Drivers/STM32F4xx_HAL_Driver/Src/stm32f4xx_hal_dma.o" "../Drivers/STM32F4xx_HAL_Driver/Src/stm32f4xx_hal_dma.c"
Finished building: ../Drivers/STM32F4xx_HAL_Driver/Src/stm32f4xx_hal_dma.c
 
Building file: ../Drivers/STM32F4xx_HAL_Driver/Src/stm32f4xx_hal_dma_ex.c
Invoking: MCU GCC Compiler
%cd%
arm-none-eabi-gcc -mcpu=cortex-m4 -mthumb -mfloat-abi=hard -mfpu=fpv4-sp-d16 '-D__weak=__attribute__((weak))' '-D__packed=__attribute__((__packed__))' -DUSE_HAL_DRIVER -DSTM32F446xx -I"D:/Users/Tyler/Documents/STM/Workspace/Walking/Walking/Inc" -I"D:/Users/Tyler/Documents/STM/Workspace/Walking/Walking/Drivers/STM32F4xx_HAL_Driver/Inc" -I"D:/Users/Tyler/Documents/STM/Workspace/Walking/Walking/Drivers/STM32F4xx_HAL_Driver/Inc/Legacy" -I"D:/Users/Tyler/Documents/STM/Workspace/Walking/Walking/Drivers/CMSIS/Device/ST/STM32F4xx/Include" -I"D:/Users/Tyler/Documents/STM/Workspace/Walking/Walking/Drivers/CMSIS/Include"  -Og -g3 -Wall -fmessage-length=0 -ffunction-sections -c -fmessage-length=0 -MMD -MP -MF"Drivers/STM32F4xx_HAL_Driver/Src/stm32f4xx_hal_dma_ex.d" -MT"Drivers/STM32F4xx_HAL_Driver/Src/stm32f4xx_hal_dma_ex.o" -o "Drivers/STM32F4xx_HAL_Driver/Src/stm32f4xx_hal_dma_ex.o" "../Drivers/STM32F4xx_HAL_Driver/Src/stm32f4xx_hal_dma_ex.c"
Finished building: ../Drivers/STM32F4xx_HAL_Driver/Src/stm32f4xx_hal_dma_ex.c
 
Building file: ../Drivers/STM32F4xx_HAL_Driver/Src/stm32f4xx_hal_flash.c
Invoking: MCU GCC Compiler
%cd%
arm-none-eabi-gcc -mcpu=cortex-m4 -mthumb -mfloat-abi=hard -mfpu=fpv4-sp-d16 '-D__weak=__attribute__((weak))' '-D__packed=__attribute__((__packed__))' -DUSE_HAL_DRIVER -DSTM32F446xx -I"D:/Users/Tyler/Documents/STM/Workspace/Walking/Walking/Inc" -I"D:/Users/Tyler/Documents/STM/Workspace/Walking/Walking/Drivers/STM32F4xx_HAL_Driver/Inc" -I"D:/Users/Tyler/Documents/STM/Workspace/Walking/Walking/Drivers/STM32F4xx_HAL_Driver/Inc/Legacy" -I"D:/Users/Tyler/Documents/STM/Workspace/Walking/Walking/Drivers/CMSIS/Device/ST/STM32F4xx/Include" -I"D:/Users/Tyler/Documents/STM/Workspace/Walking/Walking/Drivers/CMSIS/Include"  -Og -g3 -Wall -fmessage-length=0 -ffunction-sections -c -fmessage-length=0 -MMD -MP -MF"Drivers/STM32F4xx_HAL_Driver/Src/stm32f4xx_hal_flash.d" -MT"Drivers/STM32F4xx_HAL_Driver/Src/stm32f4xx_hal_flash.o" -o "Drivers/STM32F4xx_HAL_Driver/Src/stm32f4xx_hal_flash.o" "../Drivers/STM32F4xx_HAL_Driver/Src/stm32f4xx_hal_flash.c"
Finished building: ../Drivers/STM32F4xx_HAL_Driver/Src/stm32f4xx_hal_flash.c
 
Building file: ../Drivers/STM32F4xx_HAL_Driver/Src/stm32f4xx_hal_flash_ex.c
Invoking: MCU GCC Compiler
%cd%
arm-none-eabi-gcc -mcpu=cortex-m4 -mthumb -mfloat-abi=hard -mfpu=fpv4-sp-d16 '-D__weak=__attribute__((weak))' '-D__packed=__attribute__((__packed__))' -DUSE_HAL_DRIVER -DSTM32F446xx -I"D:/Users/Tyler/Documents/STM/Workspace/Walking/Walking/Inc" -I"D:/Users/Tyler/Documents/STM/Workspace/Walking/Walking/Drivers/STM32F4xx_HAL_Driver/Inc" -I"D:/Users/Tyler/Documents/STM/Workspace/Walking/Walking/Drivers/STM32F4xx_HAL_Driver/Inc/Legacy" -I"D:/Users/Tyler/Documents/STM/Workspace/Walking/Walking/Drivers/CMSIS/Device/ST/STM32F4xx/Include" -I"D:/Users/Tyler/Documents/STM/Workspace/Walking/Walking/Drivers/CMSIS/Include"  -Og -g3 -Wall -fmessage-length=0 -ffunction-sections -c -fmessage-length=0 -MMD -MP -MF"Drivers/STM32F4xx_HAL_Driver/Src/stm32f4xx_hal_flash_ex.d" -MT"Drivers/STM32F4xx_HAL_Driver/Src/stm32f4xx_hal_flash_ex.o" -o "Drivers/STM32F4xx_HAL_Driver/Src/stm32f4xx_hal_flash_ex.o" "../Drivers/STM32F4xx_HAL_Driver/Src/stm32f4xx_hal_flash_ex.c"
Finished building: ../Drivers/STM32F4xx_HAL_Driver/Src/stm32f4xx_hal_flash_ex.c
 
Building file: ../Drivers/STM32F4xx_HAL_Driver/Src/stm32f4xx_hal_flash_ramfunc.c
Invoking: MCU GCC Compiler
%cd%
arm-none-eabi-gcc -mcpu=cortex-m4 -mthumb -mfloat-abi=hard -mfpu=fpv4-sp-d16 '-D__weak=__attribute__((weak))' '-D__packed=__attribute__((__packed__))' -DUSE_HAL_DRIVER -DSTM32F446xx -I"D:/Users/Tyler/Documents/STM/Workspace/Walking/Walking/Inc" -I"D:/Users/Tyler/Documents/STM/Workspace/Walking/Walking/Drivers/STM32F4xx_HAL_Driver/Inc" -I"D:/Users/Tyler/Documents/STM/Workspace/Walking/Walking/Drivers/STM32F4xx_HAL_Driver/Inc/Legacy" -I"D:/Users/Tyler/Documents/STM/Workspace/Walking/Walking/Drivers/CMSIS/Device/ST/STM32F4xx/Include" -I"D:/Users/Tyler/Documents/STM/Workspace/Walking/Walking/Drivers/CMSIS/Include"  -Og -g3 -Wall -fmessage-length=0 -ffunction-sections -c -fmessage-length=0 -MMD -MP -MF"Drivers/STM32F4xx_HAL_Driver/Src/stm32f4xx_hal_flash_ramfunc.d" -MT"Drivers/STM32F4xx_HAL_Driver/Src/stm32f4xx_hal_flash_ramfunc.o" -o "Drivers/STM32F4xx_HAL_Driver/Src/stm32f4xx_hal_flash_ramfunc.o" "../Drivers/STM32F4xx_HAL_Driver/Src/stm32f4xx_hal_flash_ramfunc.c"
Finished building: ../Drivers/STM32F4xx_HAL_Driver/Src/stm32f4xx_hal_flash_ramfunc.c
 
Building file: ../Drivers/STM32F4xx_HAL_Driver/Src/stm32f4xx_hal_gpio.c
Invoking: MCU GCC Compiler
%cd%
arm-none-eabi-gcc -mcpu=cortex-m4 -mthumb -mfloat-abi=hard -mfpu=fpv4-sp-d16 '-D__weak=__attribute__((weak))' '-D__packed=__attribute__((__packed__))' -DUSE_HAL_DRIVER -DSTM32F446xx -I"D:/Users/Tyler/Documents/STM/Workspace/Walking/Walking/Inc" -I"D:/Users/Tyler/Documents/STM/Workspace/Walking/Walking/Drivers/STM32F4xx_HAL_Driver/Inc" -I"D:/Users/Tyler/Documents/STM/Workspace/Walking/Walking/Drivers/STM32F4xx_HAL_Driver/Inc/Legacy" -I"D:/Users/Tyler/Documents/STM/Workspace/Walking/Walking/Drivers/CMSIS/Device/ST/STM32F4xx/Include" -I"D:/Users/Tyler/Documents/STM/Workspace/Walking/Walking/Drivers/CMSIS/Include"  -Og -g3 -Wall -fmessage-length=0 -ffunction-sections -c -fmessage-length=0 -MMD -MP -MF"Drivers/STM32F4xx_HAL_Driver/Src/stm32f4xx_hal_gpio.d" -MT"Drivers/STM32F4xx_HAL_Driver/Src/stm32f4xx_hal_gpio.o" -o "Drivers/STM32F4xx_HAL_Driver/Src/stm32f4xx_hal_gpio.o" "../Drivers/STM32F4xx_HAL_Driver/Src/stm32f4xx_hal_gpio.c"
Finished building: ../Drivers/STM32F4xx_HAL_Driver/Src/stm32f4xx_hal_gpio.c
 
Building file: ../Drivers/STM32F4xx_HAL_Driver/Src/stm32f4xx_hal_pwr.c
Invoking: MCU GCC Compiler
%cd%
arm-none-eabi-gcc -mcpu=cortex-m4 -mthumb -mfloat-abi=hard -mfpu=fpv4-sp-d16 '-D__weak=__attribute__((weak))' '-D__packed=__attribute__((__packed__))' -DUSE_HAL_DRIVER -DSTM32F446xx -I"D:/Users/Tyler/Documents/STM/Workspace/Walking/Walking/Inc" -I"D:/Users/Tyler/Documents/STM/Workspace/Walking/Walking/Drivers/STM32F4xx_HAL_Driver/Inc" -I"D:/Users/Tyler/Documents/STM/Workspace/Walking/Walking/Drivers/STM32F4xx_HAL_Driver/Inc/Legacy" -I"D:/Users/Tyler/Documents/STM/Workspace/Walking/Walking/Drivers/CMSIS/Device/ST/STM32F4xx/Include" -I"D:/Users/Tyler/Documents/STM/Workspace/Walking/Walking/Drivers/CMSIS/Include"  -Og -g3 -Wall -fmessage-length=0 -ffunction-sections -c -fmessage-length=0 -MMD -MP -MF"Drivers/STM32F4xx_HAL_Driver/Src/stm32f4xx_hal_pwr.d" -MT"Drivers/STM32F4xx_HAL_Driver/Src/stm32f4xx_hal_pwr.o" -o "Drivers/STM32F4xx_HAL_Driver/Src/stm32f4xx_hal_pwr.o" "../Drivers/STM32F4xx_HAL_Driver/Src/stm32f4xx_hal_pwr.c"
Finished building: ../Drivers/STM32F4xx_HAL_Driver/Src/stm32f4xx_hal_pwr.c
 
Building file: ../Drivers/STM32F4xx_HAL_Driver/Src/stm32f4xx_hal_pwr_ex.c
Invoking: MCU GCC Compiler
%cd%
arm-none-eabi-gcc -mcpu=cortex-m4 -mthumb -mfloat-abi=hard -mfpu=fpv4-sp-d16 '-D__weak=__attribute__((weak))' '-D__packed=__attribute__((__packed__))' -DUSE_HAL_DRIVER -DSTM32F446xx -I"D:/Users/Tyler/Documents/STM/Workspace/Walking/Walking/Inc" -I"D:/Users/Tyler/Documents/STM/Workspace/Walking/Walking/Drivers/STM32F4xx_HAL_Driver/Inc" -I"D:/Users/Tyler/Documents/STM/Workspace/Walking/Walking/Drivers/STM32F4xx_HAL_Driver/Inc/Legacy" -I"D:/Users/Tyler/Documents/STM/Workspace/Walking/Walking/Drivers/CMSIS/Device/ST/STM32F4xx/Include" -I"D:/Users/Tyler/Documents/STM/Workspace/Walking/Walking/Drivers/CMSIS/Include"  -Og -g3 -Wall -fmessage-length=0 -ffunction-sections -c -fmessage-length=0 -MMD -MP -MF"Drivers/STM32F4xx_HAL_Driver/Src/stm32f4xx_hal_pwr_ex.d" -MT"Drivers/STM32F4xx_HAL_Driver/Src/stm32f4xx_hal_pwr_ex.o" -o "Drivers/STM32F4xx_HAL_Driver/Src/stm32f4xx_hal_pwr_ex.o" "../Drivers/STM32F4xx_HAL_Driver/Src/stm32f4xx_hal_pwr_ex.c"
Command canceled

15:34:43 Build Cancelled (took 9s.358ms)

